This is pdfTeX, Version 3.14159265-2.6-1.40.18 (MiKTeX 2.9.6600 64-bit) (preloaded format=pdflatex 2018.3.9)  19 MAR 2020 13:26
entering extended mode
**./Prüfungen_durchgerechnet.tex
(Prüfungen_durchgerechnet.tex
LaTeX2e <2017-04-15>
Babel <3.17> and hyphenation patterns for 75 language(s) loaded.
("C:\Users\Marcus\AppData\Local\Programs\MiKTeX 2.9\tex\latex\base\article.cls"
Document Class: article 2014/09/29 v1.4h Standard LaTeX document class
("C:\Users\Marcus\AppData\Local\Programs\MiKTeX 2.9\tex\latex\base\size10.clo"
File: size10.clo 2014/09/29 v1.4h Standard LaTeX file (size option)
)
\c@part=\count79
\c@section=\count80
\c@subsection=\count81
\c@subsubsection=\count82
\c@paragraph=\count83
\c@subparagraph=\count84
\c@figure=\count85
\c@table=\count86
\abovecaptionskip=\skip41
\belowcaptionskip=\skip42
\bibindent=\dimen102
)
("C:\Users\Marcus\AppData\Local\Programs\MiKTeX 2.9\tex\latex\base\inputenc.sty
"
Package: inputenc 2015/03/17 v1.2c Input encoding file
\inpenc@prehook=\toks14
\inpenc@posthook=\toks15
 ("C:\Users\Marcus\AppData\Local\Programs\MiKTeX 2.9\tex\latex\base\utf8.def"
File: utf8.def 2017/01/28 v1.1t UTF-8 support for inputenc
Now handling font encoding OML ...
... no UTF-8 mapping file for font encoding OML
Now handling font encoding T1 ...
... processing UTF-8 mapping file for font encoding T1

("C:\Users\Marcus\AppData\Local\Programs\MiKTeX 2.9\tex\latex\base\t1enc.dfu"
File: t1enc.dfu 2017/01/28 v1.1t UTF-8 support for inputenc
   defining Unicode char U+00A0 (decimal 160)
   defining Unicode char U+00A1 (decimal 161)
   defining Unicode char U+00A3 (decimal 163)
   defining Unicode char U+00AB (decimal 171)
   defining Unicode char U+00AD (decimal 173)
   defining Unicode char U+00BB (decimal 187)
   defining Unicode char U+00BF (decimal 191)
   defining Unicode char U+00C0 (decimal 192)
   defining Unicode char U+00C1 (decimal 193)
   defining Unicode char U+00C2 (decimal 194)
   defining Unicode char U+00C3 (decimal 195)
   defining Unicode char U+00C4 (decimal 196)
   defining Unicode char U+00C5 (decimal 197)
   defining Unicode char U+00C6 (decimal 198)
   defining Unicode char U+00C7 (decimal 199)
   defining Unicode char U+00C8 (decimal 200)
   defining Unicode char U+00C9 (decimal 201)
   defining Unicode char U+00CA (decimal 202)
   defining Unicode char U+00CB (decimal 203)
   defining Unicode char U+00CC (decimal 204)
   defining Unicode char U+00CD (decimal 205)
   defining Unicode char U+00CE (decimal 206)
   defining Unicode char U+00CF (decimal 207)
   defining Unicode char U+00D0 (decimal 208)
   defining Unicode char U+00D1 (decimal 209)
   defining Unicode char U+00D2 (decimal 210)
   defining Unicode char U+00D3 (decimal 211)
   defining Unicode char U+00D4 (decimal 212)
   defining Unicode char U+00D5 (decimal 213)
   defining Unicode char U+00D6 (decimal 214)
   defining Unicode char U+00D8 (decimal 216)
   defining Unicode char U+00D9 (decimal 217)
   defining Unicode char U+00DA (decimal 218)
   defining Unicode char U+00DB (decimal 219)
   defining Unicode char U+00DC (decimal 220)
   defining Unicode char U+00DD (decimal 221)
   defining Unicode char U+00DE (decimal 222)
   defining Unicode char U+00DF (decimal 223)
   defining Unicode char U+00E0 (decimal 224)
   defining Unicode char U+00E1 (decimal 225)
   defining Unicode char U+00E2 (decimal 226)
   defining Unicode char U+00E3 (decimal 227)
   defining Unicode char U+00E4 (decimal 228)
   defining Unicode char U+00E5 (decimal 229)
   defining Unicode char U+00E6 (decimal 230)
   defining Unicode char U+00E7 (decimal 231)
   defining Unicode char U+00E8 (decimal 232)
   defining Unicode char U+00E9 (decimal 233)
   defining Unicode char U+00EA (decimal 234)
   defining Unicode char U+00EB (decimal 235)
   defining Unicode char U+00EC (decimal 236)
   defining Unicode char U+00ED (decimal 237)
   defining Unicode char U+00EE (decimal 238)
   defining Unicode char U+00EF (decimal 239)
   defining Unicode char U+00F0 (decimal 240)
   defining Unicode char U+00F1 (decimal 241)
   defining Unicode char U+00F2 (decimal 242)
   defining Unicode char U+00F3 (decimal 243)
   defining Unicode char U+00F4 (decimal 244)
   defining Unicode char U+00F5 (decimal 245)
   defining Unicode char U+00F6 (decimal 246)
   defining Unicode char U+00F8 (decimal 248)
   defining Unicode char U+00F9 (decimal 249)
   defining Unicode char U+00FA (decimal 250)
   defining Unicode char U+00FB (decimal 251)
   defining Unicode char U+00FC (decimal 252)
   defining Unicode char U+00FD (decimal 253)
   defining Unicode char U+00FE (decimal 254)
   defining Unicode char U+00FF (decimal 255)
   defining Unicode char U+0100 (decimal 256)
   defining Unicode char U+0101 (decimal 257)
   defining Unicode char U+0102 (decimal 258)
   defining Unicode char U+0103 (decimal 259)
   defining Unicode char U+0104 (decimal 260)
   defining Unicode char U+0105 (decimal 261)
   defining Unicode char U+0106 (decimal 262)
   defining Unicode char U+0107 (decimal 263)
   defining Unicode char U+0108 (decimal 264)
   defining Unicode char U+0109 (decimal 265)
   defining Unicode char U+010A (decimal 266)
   defining Unicode char U+010B (decimal 267)
   defining Unicode char U+010C (decimal 268)
   defining Unicode char U+010D (decimal 269)
   defining Unicode char U+010E (decimal 270)
   defining Unicode char U+010F (decimal 271)
   defining Unicode char U+0110 (decimal 272)
   defining Unicode char U+0111 (decimal 273)
   defining Unicode char U+0112 (decimal 274)
   defining Unicode char U+0113 (decimal 275)
   defining Unicode char U+0114 (decimal 276)
   defining Unicode char U+0115 (decimal 277)
   defining Unicode char U+0116 (decimal 278)
   defining Unicode char U+0117 (decimal 279)
   defining Unicode char U+0118 (decimal 280)
   defining Unicode char U+0119 (decimal 281)
   defining Unicode char U+011A (decimal 282)
   defining Unicode char U+011B (decimal 283)
   defining Unicode char U+011C (decimal 284)
   defining Unicode char U+011D (decimal 285)
   defining Unicode char U+011E (decimal 286)
   defining Unicode char U+011F (decimal 287)
   defining Unicode char U+0120 (decimal 288)
   defining Unicode char U+0121 (decimal 289)
   defining Unicode char U+0122 (decimal 290)
   defining Unicode char U+0123 (decimal 291)
   defining Unicode char U+0124 (decimal 292)
   defining Unicode char U+0125 (decimal 293)
   defining Unicode char U+0128 (decimal 296)
   defining Unicode char U+0129 (decimal 297)
   defining Unicode char U+012A (decimal 298)
   defining Unicode char U+012B (decimal 299)
   defining Unicode char U+012C (decimal 300)
   defining Unicode char U+012D (decimal 301)
   defining Unicode char U+012E (decimal 302)
   defining Unicode char U+012F (decimal 303)
   defining Unicode char U+0130 (decimal 304)
   defining Unicode char U+0131 (decimal 305)
   defining Unicode char U+0132 (decimal 306)
   defining Unicode char U+0133 (decimal 307)
   defining Unicode char U+0134 (decimal 308)
   defining Unicode char U+0135 (decimal 309)
   defining Unicode char U+0136 (decimal 310)
   defining Unicode char U+0137 (decimal 311)
   defining Unicode char U+0139 (decimal 313)
   defining Unicode char U+013A (decimal 314)
   defining Unicode char U+013B (decimal 315)
   defining Unicode char U+013C (decimal 316)
   defining Unicode char U+013D (decimal 317)
   defining Unicode char U+013E (decimal 318)
   defining Unicode char U+0141 (decimal 321)
   defining Unicode char U+0142 (decimal 322)
   defining Unicode char U+0143 (decimal 323)
   defining Unicode char U+0144 (decimal 324)
   defining Unicode char U+0145 (decimal 325)
   defining Unicode char U+0146 (decimal 326)
   defining Unicode char U+0147 (decimal 327)
   defining Unicode char U+0148 (decimal 328)
   defining Unicode char U+014A (decimal 330)
   defining Unicode char U+014B (decimal 331)
   defining Unicode char U+014C (decimal 332)
   defining Unicode char U+014D (decimal 333)
   defining Unicode char U+014E (decimal 334)
   defining Unicode char U+014F (decimal 335)
   defining Unicode char U+0150 (decimal 336)
   defining Unicode char U+0151 (decimal 337)
   defining Unicode char U+0152 (decimal 338)
   defining Unicode char U+0153 (decimal 339)
   defining Unicode char U+0154 (decimal 340)
   defining Unicode char U+0155 (decimal 341)
   defining Unicode char U+0156 (decimal 342)
   defining Unicode char U+0157 (decimal 343)
   defining Unicode char U+0158 (decimal 344)
   defining Unicode char U+0159 (decimal 345)
   defining Unicode char U+015A (decimal 346)
   defining Unicode char U+015B (decimal 347)
   defining Unicode char U+015C (decimal 348)
   defining Unicode char U+015D (decimal 349)
   defining Unicode char U+015E (decimal 350)
   defining Unicode char U+015F (decimal 351)
   defining Unicode char U+0160 (decimal 352)
   defining Unicode char U+0161 (decimal 353)
   defining Unicode char U+0162 (decimal 354)
   defining Unicode char U+0163 (decimal 355)
   defining Unicode char U+0164 (decimal 356)
   defining Unicode char U+0165 (decimal 357)
   defining Unicode char U+0168 (decimal 360)
   defining Unicode char U+0169 (decimal 361)
   defining Unicode char U+016A (decimal 362)
   defining Unicode char U+016B (decimal 363)
   defining Unicode char U+016C (decimal 364)
   defining Unicode char U+016D (decimal 365)
   defining Unicode char U+016E (decimal 366)
   defining Unicode char U+016F (decimal 367)
   defining Unicode char U+0170 (decimal 368)
   defining Unicode char U+0171 (decimal 369)
   defining Unicode char U+0172 (decimal 370)
   defining Unicode char U+0173 (decimal 371)
   defining Unicode char U+0174 (decimal 372)
   defining Unicode char U+0175 (decimal 373)
   defining Unicode char U+0176 (decimal 374)
   defining Unicode char U+0177 (decimal 375)
   defining Unicode char U+0178 (decimal 376)
   defining Unicode char U+0179 (decimal 377)
   defining Unicode char U+017A (decimal 378)
   defining Unicode char U+017B (decimal 379)
   defining Unicode char U+017C (decimal 380)
   defining Unicode char U+017D (decimal 381)
   defining Unicode char U+017E (decimal 382)
   defining Unicode char U+01CD (decimal 461)
   defining Unicode char U+01CE (decimal 462)
   defining Unicode char U+01CF (decimal 463)
   defining Unicode char U+01D0 (decimal 464)
   defining Unicode char U+01D1 (decimal 465)
   defining Unicode char U+01D2 (decimal 466)
   defining Unicode char U+01D3 (decimal 467)
   defining Unicode char U+01D4 (decimal 468)
   defining Unicode char U+01E2 (decimal 482)
   defining Unicode char U+01E3 (decimal 483)
   defining Unicode char U+01E6 (decimal 486)
   defining Unicode char U+01E7 (decimal 487)
   defining Unicode char U+01E8 (decimal 488)
   defining Unicode char U+01E9 (decimal 489)
   defining Unicode char U+01EA (decimal 490)
   defining Unicode char U+01EB (decimal 491)
   defining Unicode char U+01F0 (decimal 496)
   defining Unicode char U+01F4 (decimal 500)
   defining Unicode char U+01F5 (decimal 501)
   defining Unicode char U+0218 (decimal 536)
   defining Unicode char U+0219 (decimal 537)
   defining Unicode char U+021A (decimal 538)
   defining Unicode char U+021B (decimal 539)
   defining Unicode char U+0232 (decimal 562)
   defining Unicode char U+0233 (decimal 563)
   defining Unicode char U+1E02 (decimal 7682)
   defining Unicode char U+1E03 (decimal 7683)
   defining Unicode char U+200C (decimal 8204)
   defining Unicode char U+2010 (decimal 8208)
   defining Unicode char U+2011 (decimal 8209)
   defining Unicode char U+2012 (decimal 8210)
   defining Unicode char U+2013 (decimal 8211)
   defining Unicode char U+2014 (decimal 8212)
   defining Unicode char U+2015 (decimal 8213)
   defining Unicode char U+2018 (decimal 8216)
   defining Unicode char U+2019 (decimal 8217)
   defining Unicode char U+201A (decimal 8218)
   defining Unicode char U+201C (decimal 8220)
   defining Unicode char U+201D (decimal 8221)
   defining Unicode char U+201E (decimal 8222)
   defining Unicode char U+2030 (decimal 8240)
   defining Unicode char U+2031 (decimal 8241)
   defining Unicode char U+2039 (decimal 8249)
   defining Unicode char U+203A (decimal 8250)
   defining Unicode char U+2423 (decimal 9251)
   defining Unicode char U+1E20 (decimal 7712)
   defining Unicode char U+1E21 (decimal 7713)
)
Now handling font encoding OT1 ...
... processing UTF-8 mapping file for font encoding OT1

("C:\Users\Marcus\AppData\Local\Programs\MiKTeX 2.9\tex\latex\base\ot1enc.dfu"
File: ot1enc.dfu 2017/01/28 v1.1t UTF-8 support for inputenc
   defining Unicode char U+00A0 (decimal 160)
   defining Unicode char U+00A1 (decimal 161)
   defining Unicode char U+00A3 (decimal 163)
   defining Unicode char U+00AD (decimal 173)
   defining Unicode char U+00B8 (decimal 184)
   defining Unicode char U+00BF (decimal 191)
   defining Unicode char U+00C5 (decimal 197)
   defining Unicode char U+00C6 (decimal 198)
   defining Unicode char U+00D8 (decimal 216)
   defining Unicode char U+00DF (decimal 223)
   defining Unicode char U+00E6 (decimal 230)
   defining Unicode char U+00EC (decimal 236)
   defining Unicode char U+00ED (decimal 237)
   defining Unicode char U+00EE (decimal 238)
   defining Unicode char U+00EF (decimal 239)
   defining Unicode char U+00F8 (decimal 248)
   defining Unicode char U+0131 (decimal 305)
   defining Unicode char U+0141 (decimal 321)
   defining Unicode char U+0142 (decimal 322)
   defining Unicode char U+0152 (decimal 338)
   defining Unicode char U+0153 (decimal 339)
   defining Unicode char U+0174 (decimal 372)
   defining Unicode char U+0175 (decimal 373)
   defining Unicode char U+0176 (decimal 374)
   defining Unicode char U+0177 (decimal 375)
   defining Unicode char U+0218 (decimal 536)
   defining Unicode char U+0219 (decimal 537)
   defining Unicode char U+021A (decimal 538)
   defining Unicode char U+021B (decimal 539)
   defining Unicode char U+2013 (decimal 8211)
   defining Unicode char U+2014 (decimal 8212)
   defining Unicode char U+2018 (decimal 8216)
   defining Unicode char U+2019 (decimal 8217)
   defining Unicode char U+201C (decimal 8220)
   defining Unicode char U+201D (decimal 8221)
)
Now handling font encoding OMS ...
... processing UTF-8 mapping file for font encoding OMS
("C:\Users\Marcus\AppData\Local\Programs\MiKTeX 2.9\tex\latex\base\omsenc.dfu"
File: omsenc.dfu 2017/01/28 v1.1t UTF-8 support for inputenc
   defining Unicode char U+00A7 (decimal 167)
   defining Unicode char U+00B6 (decimal 182)
   defining Unicode char U+00B7 (decimal 183)
   defining Unicode char U+2020 (decimal 8224)
   defining Unicode char U+2021 (decimal 8225)
   defining Unicode char U+2022 (decimal 8226)
)
Now handling font encoding OMX ...
... no UTF-8 mapping file for font encoding OMX
Now handling font encoding U ...
... no UTF-8 mapping file for font encoding U
   defining Unicode char U+00A9 (decimal 169)
   defining Unicode char U+00AA (decimal 170)
   defining Unicode char U+00AE (decimal 174)
   defining Unicode char U+00BA (decimal 186)
   defining Unicode char U+02C6 (decimal 710)
   defining Unicode char U+02DC (decimal 732)
   defining Unicode char U+200C (decimal 8204)
   defining Unicode char U+2026 (decimal 8230)
   defining Unicode char U+2122 (decimal 8482)
   defining Unicode char U+2423 (decimal 9251)
))
("C:\Users\Marcus\AppData\Local\Programs\MiKTeX 2.9\tex\generic\babel\babel.sty
"
Package: babel 2018/01/24 3.17 The Babel package

("C:\Users\Marcus\AppData\Local\Programs\MiKTeX 2.9\tex\generic\babel\switch.de
f"
File: switch.def 2018/01/24 3.17 Babel switching mechanism
)
*************************************
* Local config file bblopts.cfg used
*
("C:\Users\Marcus\AppData\Local\Programs\MiKTeX 2.9\tex\latex\arabi\bblopts.cfg
"
File: bblopts.cfg 2005/09/08 v0.1 add Arabic and Farsi to "declared" options of
 babel
)
("C:\Users\Marcus\AppData\Local\Programs\MiKTeX 2.9\tex\latex\babel-german\nger
man.ldf"
Language: ngerman 2016/11/02 v2.9 German support for babel (new orthography)

("C:\Users\Marcus\AppData\Local\Programs\MiKTeX 2.9\tex\latex\babel-german\nger
manb.ldf"
Language: ngermanb 2016/11/02 v2.9 German support for babel (new orthography)

("C:\Users\Marcus\AppData\Local\Programs\MiKTeX 2.9\tex\generic\babel\babel.def
"
File: babel.def 2018/01/24 3.17 Babel common definitions

("C:\Users\Marcus\AppData\Local\Programs\MiKTeX 2.9\tex\generic\babel\switch.de
f"
File: switch.def 2018/01/24 3.17 Babel switching mechanism
)
\babel@savecnt=\count87
\U@D=\dimen103

("C:\Users\Marcus\AppData\Local\Programs\MiKTeX 2.9\tex\generic\babel\txtbabel.
def")
\bbl@dirlevel=\count88
)
Package babel Info: Making " an active character on input line 125.
)))
("C:\Users\Marcus\AppData\Local\Programs\MiKTeX 2.9\tex\latex\geometry\geometry
.sty"
Package: geometry 2010/09/12 v5.6 Page Geometry

("C:\Users\Marcus\AppData\Local\Programs\MiKTeX 2.9\tex\latex\graphics\keyval.s
ty"
Package: keyval 2014/10/28 v1.15 key=value parser (DPC)
\KV@toks@=\toks16
)
("C:\Users\Marcus\AppData\Local\Programs\MiKTeX 2.9\tex\generic\oberdiek\ifpdf.
sty"
Package: ifpdf 2017/03/15 v3.2 Provides the ifpdf switch
)
("C:\Users\Marcus\AppData\Local\Programs\MiKTeX 2.9\tex\generic\oberdiek\ifvtex
.sty"
Package: ifvtex 2016/05/16 v1.6 Detect VTeX and its facilities (HO)
Package ifvtex Info: VTeX not detected.
)
("C:\Users\Marcus\AppData\Local\Programs\MiKTeX 2.9\tex\generic\ifxetex\ifxetex
.sty"
Package: ifxetex 2010/09/12 v0.6 Provides ifxetex conditional
)
\Gm@cnth=\count89
\Gm@cntv=\count90
\c@Gm@tempcnt=\count91
\Gm@bindingoffset=\dimen104
\Gm@wd@mp=\dimen105
\Gm@odd@mp=\dimen106
\Gm@even@mp=\dimen107
\Gm@layoutwidth=\dimen108
\Gm@layoutheight=\dimen109
\Gm@layouthoffset=\dimen110
\Gm@layoutvoffset=\dimen111
\Gm@dimlist=\toks17

("C:\Users\Marcus\AppData\Local\Programs\MiKTeX 2.9\tex\latex\geometry\geometry
.cfg"))
("C:\Users\Marcus\AppData\Local\Programs\MiKTeX 2.9\tex\latex\amsmath\amsmath.s
ty"
Package: amsmath 2017/09/02 v2.17a AMS math features
\@mathmargin=\skip43

For additional information on amsmath, use the `?' option.

("C:\Users\Marcus\AppData\Local\Programs\MiKTeX 2.9\tex\latex\amsmath\amstext.s
ty"
Package: amstext 2000/06/29 v2.01 AMS text

("C:\Users\Marcus\AppData\Local\Programs\MiKTeX 2.9\tex\latex\amsmath\amsgen.st
y"
File: amsgen.sty 1999/11/30 v2.0 generic functions
\@emptytoks=\toks18
\ex@=\dimen112
))
("C:\Users\Marcus\AppData\Local\Programs\MiKTeX 2.9\tex\latex\amsmath\amsbsy.st
y"
Package: amsbsy 1999/11/29 v1.2d Bold Symbols
\pmbraise@=\dimen113
)
("C:\Users\Marcus\AppData\Local\Programs\MiKTeX 2.9\tex\latex\amsmath\amsopn.st
y"
Package: amsopn 2016/03/08 v2.02 operator names
)
\inf@bad=\count92
LaTeX Info: Redefining \frac on input line 213.
\uproot@=\count93
\leftroot@=\count94
LaTeX Info: Redefining \overline on input line 375.
\classnum@=\count95
\DOTSCASE@=\count96
LaTeX Info: Redefining \ldots on input line 472.
LaTeX Info: Redefining \dots on input line 475.
LaTeX Info: Redefining \cdots on input line 596.
\Mathstrutbox@=\box26
\strutbox@=\box27
\big@size=\dimen114
LaTeX Font Info:    Redeclaring font encoding OML on input line 712.
LaTeX Font Info:    Redeclaring font encoding OMS on input line 713.
\macc@depth=\count97
\c@MaxMatrixCols=\count98
\dotsspace@=\muskip10
\c@parentequation=\count99
\dspbrk@lvl=\count100
\tag@help=\toks19
\row@=\count101
\column@=\count102
\maxfields@=\count103
\andhelp@=\toks20
\eqnshift@=\dimen115
\alignsep@=\dimen116
\tagshift@=\dimen117
\tagwidth@=\dimen118
\totwidth@=\dimen119
\lineht@=\dimen120
\@envbody=\toks21
\multlinegap=\skip44
\multlinetaggap=\skip45
\mathdisplay@stack=\toks22
LaTeX Info: Redefining \[ on input line 2817.
LaTeX Info: Redefining \] on input line 2818.
)
("C:\Users\Marcus\AppData\Local\Programs\MiKTeX 2.9\tex\latex\pgf\frontendlayer
\tikz.sty"
("C:\Users\Marcus\AppData\Local\Programs\MiKTeX 2.9\tex\latex\pgf\basiclayer\pg
f.sty"
("C:\Users\Marcus\AppData\Local\Programs\MiKTeX 2.9\tex\latex\pgf\utilities\pgf
rcs.sty"
("C:\Users\Marcus\AppData\Local\Programs\MiKTeX 2.9\tex\generic\pgf\utilities\p
gfutil-common.tex"
\pgfutil@everybye=\toks23
\pgfutil@tempdima=\dimen121
\pgfutil@tempdimb=\dimen122

("C:\Users\Marcus\AppData\Local\Programs\MiKTeX 2.9\tex\generic\pgf\utilities\p
gfutil-common-lists.tex"))
("C:\Users\Marcus\AppData\Local\Programs\MiKTeX 2.9\tex\generic\pgf\utilities\p
gfutil-latex.def"
\pgfutil@abb=\box28

("C:\Users\Marcus\AppData\Local\Programs\MiKTeX 2.9\tex\latex\ms\everyshi.sty"
Package: everyshi 2001/05/15 v3.00 EveryShipout Package (MS)
))
("C:\Users\Marcus\AppData\Local\Programs\MiKTeX 2.9\tex\generic\pgf\utilities\p
gfrcs.code.tex"
Package: pgfrcs 2015/08/07 v3.0.1a (rcs-revision 1.31)
))
Package: pgf 2015/08/07 v3.0.1a (rcs-revision 1.15)

("C:\Users\Marcus\AppData\Local\Programs\MiKTeX 2.9\tex\latex\pgf\basiclayer\pg
fcore.sty"
("C:\Users\Marcus\AppData\Local\Programs\MiKTeX 2.9\tex\latex\graphics\graphicx
.sty"
Package: graphicx 2017/06/01 v1.1a Enhanced LaTeX Graphics (DPC,SPQR)

("C:\Users\Marcus\AppData\Local\Programs\MiKTeX 2.9\tex\latex\graphics\graphics
.sty"
Package: graphics 2017/06/25 v1.2c Standard LaTeX Graphics (DPC,SPQR)

("C:\Users\Marcus\AppData\Local\Programs\MiKTeX 2.9\tex\latex\graphics\trig.sty
"
Package: trig 2016/01/03 v1.10 sin cos tan (DPC)
)
("C:\Users\Marcus\AppData\Local\Programs\MiKTeX 2.9\tex\latex\graphics-cfg\grap
hics.cfg"
File: graphics.cfg 2016/06/04 v1.11 sample graphics configuration
)
Package graphics Info: Driver file: pdftex.def on input line 99.

("C:\Users\Marcus\AppData\Local\Programs\MiKTeX 2.9\tex\latex\graphics-def\pdft
ex.def"
File: pdftex.def 2018/01/08 v1.0l Graphics/color driver for pdftex
))
\Gin@req@height=\dimen123
\Gin@req@width=\dimen124
)
("C:\Users\Marcus\AppData\Local\Programs\MiKTeX 2.9\tex\latex\pgf\systemlayer\p
gfsys.sty"
("C:\Users\Marcus\AppData\Local\Programs\MiKTeX 2.9\tex\generic\pgf\systemlayer
\pgfsys.code.tex"
Package: pgfsys 2014/07/09 v3.0.1a (rcs-revision 1.48)

("C:\Users\Marcus\AppData\Local\Programs\MiKTeX 2.9\tex\generic\pgf\utilities\p
gfkeys.code.tex"
\pgfkeys@pathtoks=\toks24
\pgfkeys@temptoks=\toks25

("C:\Users\Marcus\AppData\Local\Programs\MiKTeX 2.9\tex\generic\pgf\utilities\p
gfkeysfiltered.code.tex"
\pgfkeys@tmptoks=\toks26
))
\pgf@x=\dimen125
\pgf@y=\dimen126
\pgf@xa=\dimen127
\pgf@ya=\dimen128
\pgf@xb=\dimen129
\pgf@yb=\dimen130
\pgf@xc=\dimen131
\pgf@yc=\dimen132
\w@pgf@writea=\write3
\r@pgf@reada=\read1
\c@pgf@counta=\count104
\c@pgf@countb=\count105
\c@pgf@countc=\count106
\c@pgf@countd=\count107
\t@pgf@toka=\toks27
\t@pgf@tokb=\toks28
\t@pgf@tokc=\toks29

("C:\Users\Marcus\AppData\Local\Programs\MiKTeX 2.9\tex\generic\pgf\systemlayer
\pgf.cfg"
File: pgf.cfg 2008/05/14  (rcs-revision 1.7)
)
Driver file for pgf: pgfsys-pdftex.def

("C:\Users\Marcus\AppData\Local\Programs\MiKTeX 2.9\tex\generic\pgf\systemlayer
\pgfsys-pdftex.def"
File: pgfsys-pdftex.def 2014/10/11  (rcs-revision 1.35)

("C:\Users\Marcus\AppData\Local\Programs\MiKTeX 2.9\tex\generic\pgf\systemlayer
\pgfsys-common-pdf.def"
File: pgfsys-common-pdf.def 2013/10/10  (rcs-revision 1.13)
)))
("C:\Users\Marcus\AppData\Local\Programs\MiKTeX 2.9\tex\generic\pgf\systemlayer
\pgfsyssoftpath.code.tex"
File: pgfsyssoftpath.code.tex 2013/09/09  (rcs-revision 1.9)
\pgfsyssoftpath@smallbuffer@items=\count108
\pgfsyssoftpath@bigbuffer@items=\count109
)
("C:\Users\Marcus\AppData\Local\Programs\MiKTeX 2.9\tex\generic\pgf\systemlayer
\pgfsysprotocol.code.tex"
File: pgfsysprotocol.code.tex 2006/10/16  (rcs-revision 1.4)
))
("C:\Users\Marcus\AppData\Local\Programs\MiKTeX 2.9\tex\latex\xcolor\xcolor.sty
"
Package: xcolor 2016/05/11 v2.12 LaTeX color extensions (UK)

("C:\Users\Marcus\AppData\Local\Programs\MiKTeX 2.9\tex\latex\graphics-cfg\colo
r.cfg"
File: color.cfg 2016/01/02 v1.6 sample color configuration
)
Package xcolor Info: Driver file: pdftex.def on input line 225.
Package xcolor Info: Model `cmy' substituted by `cmy0' on input line 1348.
Package xcolor Info: Model `hsb' substituted by `rgb' on input line 1352.
Package xcolor Info: Model `RGB' extended on input line 1364.
Package xcolor Info: Model `HTML' substituted by `rgb' on input line 1366.
Package xcolor Info: Model `Hsb' substituted by `hsb' on input line 1367.
Package xcolor Info: Model `tHsb' substituted by `hsb' on input line 1368.
Package xcolor Info: Model `HSB' substituted by `hsb' on input line 1369.
Package xcolor Info: Model `Gray' substituted by `gray' on input line 1370.
Package xcolor Info: Model `wave' substituted by `hsb' on input line 1371.
)
("C:\Users\Marcus\AppData\Local\Programs\MiKTeX 2.9\tex\generic\pgf\basiclayer\
pgfcore.code.tex"
Package: pgfcore 2010/04/11 v3.0.1a (rcs-revision 1.7)

("C:\Users\Marcus\AppData\Local\Programs\MiKTeX 2.9\tex\generic\pgf\math\pgfmat
h.code.tex"
("C:\Users\Marcus\AppData\Local\Programs\MiKTeX 2.9\tex\generic\pgf\math\pgfmat
hcalc.code.tex"
("C:\Users\Marcus\AppData\Local\Programs\MiKTeX 2.9\tex\generic\pgf\math\pgfmat
hutil.code.tex")
("C:\Users\Marcus\AppData\Local\Programs\MiKTeX 2.9\tex\generic\pgf\math\pgfmat
hparser.code.tex"
\pgfmath@dimen=\dimen133
\pgfmath@count=\count110
\pgfmath@box=\box29
\pgfmath@toks=\toks30
\pgfmath@stack@operand=\toks31
\pgfmath@stack@operation=\toks32
)
("C:\Users\Marcus\AppData\Local\Programs\MiKTeX 2.9\tex\generic\pgf\math\pgfmat
hfunctions.code.tex"
("C:\Users\Marcus\AppData\Local\Programs\MiKTeX 2.9\tex\generic\pgf\math\pgfmat
hfunctions.basic.code.tex")
("C:\Users\Marcus\AppData\Local\Programs\MiKTeX 2.9\tex\generic\pgf\math\pgfmat
hfunctions.trigonometric.code.tex")
("C:\Users\Marcus\AppData\Local\Programs\MiKTeX 2.9\tex\generic\pgf\math\pgfmat
hfunctions.random.code.tex")
("C:\Users\Marcus\AppData\Local\Programs\MiKTeX 2.9\tex\generic\pgf\math\pgfmat
hfunctions.comparison.code.tex")
("C:\Users\Marcus\AppData\Local\Programs\MiKTeX 2.9\tex\generic\pgf\math\pgfmat
hfunctions.base.code.tex")
("C:\Users\Marcus\AppData\Local\Programs\MiKTeX 2.9\tex\generic\pgf\math\pgfmat
hfunctions.round.code.tex")
("C:\Users\Marcus\AppData\Local\Programs\MiKTeX 2.9\tex\generic\pgf\math\pgfmat
hfunctions.misc.code.tex")
("C:\Users\Marcus\AppData\Local\Programs\MiKTeX 2.9\tex\generic\pgf\math\pgfmat
hfunctions.integerarithmetics.code.tex")))
("C:\Users\Marcus\AppData\Local\Programs\MiKTeX 2.9\tex\generic\pgf\math\pgfmat
hfloat.code.tex"
\c@pgfmathroundto@lastzeros=\count111
))
("C:\Users\Marcus\AppData\Local\Programs\MiKTeX 2.9\tex\generic\pgf\basiclayer\
pgfcorepoints.code.tex"
File: pgfcorepoints.code.tex 2013/10/07  (rcs-revision 1.27)
\pgf@picminx=\dimen134
\pgf@picmaxx=\dimen135
\pgf@picminy=\dimen136
\pgf@picmaxy=\dimen137
\pgf@pathminx=\dimen138
\pgf@pathmaxx=\dimen139
\pgf@pathminy=\dimen140
\pgf@pathmaxy=\dimen141
\pgf@xx=\dimen142
\pgf@xy=\dimen143
\pgf@yx=\dimen144
\pgf@yy=\dimen145
\pgf@zx=\dimen146
\pgf@zy=\dimen147
)
("C:\Users\Marcus\AppData\Local\Programs\MiKTeX 2.9\tex\generic\pgf\basiclayer\
pgfcorepathconstruct.code.tex"
File: pgfcorepathconstruct.code.tex 2013/10/07  (rcs-revision 1.29)
\pgf@path@lastx=\dimen148
\pgf@path@lasty=\dimen149
)
("C:\Users\Marcus\AppData\Local\Programs\MiKTeX 2.9\tex\generic\pgf\basiclayer\
pgfcorepathusage.code.tex"
File: pgfcorepathusage.code.tex 2014/11/02  (rcs-revision 1.24)
\pgf@shorten@end@additional=\dimen150
\pgf@shorten@start@additional=\dimen151
)
("C:\Users\Marcus\AppData\Local\Programs\MiKTeX 2.9\tex\generic\pgf\basiclayer\
pgfcorescopes.code.tex"
File: pgfcorescopes.code.tex 2015/05/08  (rcs-revision 1.46)
\pgfpic=\box30
\pgf@hbox=\box31
\pgf@layerbox@main=\box32
\pgf@picture@serial@count=\count112
)
("C:\Users\Marcus\AppData\Local\Programs\MiKTeX 2.9\tex\generic\pgf\basiclayer\
pgfcoregraphicstate.code.tex"
File: pgfcoregraphicstate.code.tex 2014/11/02  (rcs-revision 1.12)
\pgflinewidth=\dimen152
)
("C:\Users\Marcus\AppData\Local\Programs\MiKTeX 2.9\tex\generic\pgf\basiclayer\
pgfcoretransformations.code.tex"
File: pgfcoretransformations.code.tex 2015/08/07  (rcs-revision 1.20)
\pgf@pt@x=\dimen153
\pgf@pt@y=\dimen154
\pgf@pt@temp=\dimen155
)
("C:\Users\Marcus\AppData\Local\Programs\MiKTeX 2.9\tex\generic\pgf\basiclayer\
pgfcorequick.code.tex"
File: pgfcorequick.code.tex 2008/10/09  (rcs-revision 1.3)
)
("C:\Users\Marcus\AppData\Local\Programs\MiKTeX 2.9\tex\generic\pgf\basiclayer\
pgfcoreobjects.code.tex"
File: pgfcoreobjects.code.tex 2006/10/11  (rcs-revision 1.2)
)
("C:\Users\Marcus\AppData\Local\Programs\MiKTeX 2.9\tex\generic\pgf\basiclayer\
pgfcorepathprocessing.code.tex"
File: pgfcorepathprocessing.code.tex 2013/09/09  (rcs-revision 1.9)
)
("C:\Users\Marcus\AppData\Local\Programs\MiKTeX 2.9\tex\generic\pgf\basiclayer\
pgfcorearrows.code.tex"
File: pgfcorearrows.code.tex 2015/05/14  (rcs-revision 1.43)
\pgfarrowsep=\dimen156
)
("C:\Users\Marcus\AppData\Local\Programs\MiKTeX 2.9\tex\generic\pgf\basiclayer\
pgfcoreshade.code.tex"
File: pgfcoreshade.code.tex 2013/07/15  (rcs-revision 1.15)
\pgf@max=\dimen157
\pgf@sys@shading@range@num=\count113
)
("C:\Users\Marcus\AppData\Local\Programs\MiKTeX 2.9\tex\generic\pgf\basiclayer\
pgfcoreimage.code.tex"
File: pgfcoreimage.code.tex 2013/07/15  (rcs-revision 1.18)

("C:\Users\Marcus\AppData\Local\Programs\MiKTeX 2.9\tex\generic\pgf\basiclayer\
pgfcoreexternal.code.tex"
File: pgfcoreexternal.code.tex 2014/07/09  (rcs-revision 1.21)
\pgfexternal@startupbox=\box33
))
("C:\Users\Marcus\AppData\Local\Programs\MiKTeX 2.9\tex\generic\pgf\basiclayer\
pgfcorelayers.code.tex"
File: pgfcorelayers.code.tex 2013/07/18  (rcs-revision 1.7)
)
("C:\Users\Marcus\AppData\Local\Programs\MiKTeX 2.9\tex\generic\pgf\basiclayer\
pgfcoretransparency.code.tex"
File: pgfcoretransparency.code.tex 2013/09/30  (rcs-revision 1.5)
)
("C:\Users\Marcus\AppData\Local\Programs\MiKTeX 2.9\tex\generic\pgf\basiclayer\
pgfcorepatterns.code.tex"
File: pgfcorepatterns.code.tex 2013/11/07  (rcs-revision 1.5)
)))
("C:\Users\Marcus\AppData\Local\Programs\MiKTeX 2.9\tex\generic\pgf\modules\pgf
moduleshapes.code.tex"
File: pgfmoduleshapes.code.tex 2014/03/21  (rcs-revision 1.35)
\pgfnodeparttextbox=\box34
)
("C:\Users\Marcus\AppData\Local\Programs\MiKTeX 2.9\tex\generic\pgf\modules\pgf
moduleplot.code.tex"
File: pgfmoduleplot.code.tex 2015/08/03  (rcs-revision 1.13)
)
("C:\Users\Marcus\AppData\Local\Programs\MiKTeX 2.9\tex\latex\pgf\compatibility
\pgfcomp-version-0-65.sty"
Package: pgfcomp-version-0-65 2007/07/03 v3.0.1a (rcs-revision 1.7)
\pgf@nodesepstart=\dimen158
\pgf@nodesepend=\dimen159
)
("C:\Users\Marcus\AppData\Local\Programs\MiKTeX 2.9\tex\latex\pgf\compatibility
\pgfcomp-version-1-18.sty"
Package: pgfcomp-version-1-18 2007/07/23 v3.0.1a (rcs-revision 1.1)
))
("C:\Users\Marcus\AppData\Local\Programs\MiKTeX 2.9\tex\latex\pgf\utilities\pgf
for.sty"
("C:\Users\Marcus\AppData\Local\Programs\MiKTeX 2.9\tex\latex\pgf\utilities\pgf
keys.sty"
("C:\Users\Marcus\AppData\Local\Programs\MiKTeX 2.9\tex\generic\pgf\utilities\p
gfkeys.code.tex"))
("C:\Users\Marcus\AppData\Local\Programs\MiKTeX 2.9\tex\latex\pgf\math\pgfmath.
sty"
("C:\Users\Marcus\AppData\Local\Programs\MiKTeX 2.9\tex\generic\pgf\math\pgfmat
h.code.tex"))
("C:\Users\Marcus\AppData\Local\Programs\MiKTeX 2.9\tex\generic\pgf\utilities\p
gffor.code.tex"
Package: pgffor 2013/12/13 v3.0.1a (rcs-revision 1.25)

("C:\Users\Marcus\AppData\Local\Programs\MiKTeX 2.9\tex\generic\pgf\math\pgfmat
h.code.tex")
\pgffor@iter=\dimen160
\pgffor@skip=\dimen161
\pgffor@stack=\toks33
\pgffor@toks=\toks34
))
("C:\Users\Marcus\AppData\Local\Programs\MiKTeX 2.9\tex\generic\pgf\frontendlay
er\tikz\tikz.code.tex"
Package: tikz 2015/08/07 v3.0.1a (rcs-revision 1.151)

("C:\Users\Marcus\AppData\Local\Programs\MiKTeX 2.9\tex\generic\pgf\libraries\p
gflibraryplothandlers.code.tex"
File: pgflibraryplothandlers.code.tex 2013/08/31 v3.0.1a (rcs-revision 1.20)
\pgf@plot@mark@count=\count114
\pgfplotmarksize=\dimen162
)
\tikz@lastx=\dimen163
\tikz@lasty=\dimen164
\tikz@lastxsaved=\dimen165
\tikz@lastysaved=\dimen166
\tikzleveldistance=\dimen167
\tikzsiblingdistance=\dimen168
\tikz@figbox=\box35
\tikz@figbox@bg=\box36
\tikz@tempbox=\box37
\tikz@tempbox@bg=\box38
\tikztreelevel=\count115
\tikznumberofchildren=\count116
\tikznumberofcurrentchild=\count117
\tikz@fig@count=\count118

("C:\Users\Marcus\AppData\Local\Programs\MiKTeX 2.9\tex\generic\pgf\modules\pgf
modulematrix.code.tex"
File: pgfmodulematrix.code.tex 2013/09/17  (rcs-revision 1.8)
\pgfmatrixcurrentrow=\count119
\pgfmatrixcurrentcolumn=\count120
\pgf@matrix@numberofcolumns=\count121
)
\tikz@expandcount=\count122

("C:\Users\Marcus\AppData\Local\Programs\MiKTeX 2.9\tex\generic\pgf\frontendlay
er\tikz\libraries\tikzlibrarytopaths.code.tex"
File: tikzlibrarytopaths.code.tex 2008/06/17 v3.0.1a (rcs-revision 1.2)
)))
("C:\Users\Marcus\AppData\Local\Programs\MiKTeX 2.9\tex\latex\mathtools\mathtoo
ls.sty"
Package: mathtools 2018/01/08 v1.21 mathematical typesetting tools

("C:\Users\Marcus\AppData\Local\Programs\MiKTeX 2.9\tex\latex\tools\calc.sty"
Package: calc 2014/10/28 v4.3 Infix arithmetic (KKT,FJ)
\calc@Acount=\count123
\calc@Bcount=\count124
\calc@Adimen=\dimen169
\calc@Bdimen=\dimen170
\calc@Askip=\skip46
\calc@Bskip=\skip47
LaTeX Info: Redefining \setlength on input line 80.
LaTeX Info: Redefining \addtolength on input line 81.
\calc@Ccount=\count125
\calc@Cskip=\skip48
)
("C:\Users\Marcus\AppData\Local\Programs\MiKTeX 2.9\tex\latex\mathtools\mhsetup
.sty"
Package: mhsetup 2017/03/31 v1.3 programming setup (MH)
)
LaTeX Info: Thecontrolsequence`\('isalreadyrobust on input line 129.
LaTeX Info: Thecontrolsequence`\)'isalreadyrobust on input line 129.
LaTeX Info: Thecontrolsequence`\['isalreadyrobust on input line 129.
LaTeX Info: Thecontrolsequence`\]'isalreadyrobust on input line 129.
\g_MT_multlinerow_int=\count126
\l_MT_multwidth_dim=\dimen171
\origjot=\skip49
\l_MT_shortvdotswithinadjustabove_dim=\dimen172
\l_MT_shortvdotswithinadjustbelow_dim=\dimen173
\l_MT_above_intertext_sep=\dimen174
\l_MT_below_intertext_sep=\dimen175
\l_MT_above_shortintertext_sep=\dimen176
\l_MT_below_shortintertext_sep=\dimen177
)
("C:\Users\Marcus\AppData\Local\Programs\MiKTeX 2.9\tex\latex\cancel\cancel.sty
"
Package: cancel 2013/04/12 v2.2 Cancel math terms
)
("C:\Users\Marcus\AppData\Local\Programs\MiKTeX 2.9\tex\latex\amsfonts\amssymb.
sty"
Package: amssymb 2013/01/14 v3.01 AMS font symbols

("C:\Users\Marcus\AppData\Local\Programs\MiKTeX 2.9\tex\latex\amsfonts\amsfonts
.sty"
Package: amsfonts 2013/01/14 v3.01 Basic AMSFonts support
\symAMSa=\mathgroup4
\symAMSb=\mathgroup5
LaTeX Font Info:    Overwriting math alphabet `\mathfrak' in version `bold'
(Font)                  U/euf/m/n --> U/euf/b/n on input line 106.
))

LaTeX Warning: Unused global option(s):
    [12p].

(Prüfungen_durchgerechnet.aux)
\openout1 = `Prüfungen_durchgerechnet.aux'.

LaTeX Font Info:    Checking defaults for OML/cmm/m/it on input line 17.
LaTeX Font Info:    ... okay on input line 17.
LaTeX Font Info:    Checking defaults for T1/cmr/m/n on input line 17.
LaTeX Font Info:    ... okay on input line 17.
LaTeX Font Info:    Checking defaults for OT1/cmr/m/n on input line 17.
LaTeX Font Info:    ... okay on input line 17.
LaTeX Font Info:    Checking defaults for OMS/cmsy/m/n on input line 17.
LaTeX Font Info:    ... okay on input line 17.
LaTeX Font Info:    Checking defaults for OMX/cmex/m/n on input line 17.
LaTeX Font Info:    ... okay on input line 17.
LaTeX Font Info:    Checking defaults for U/cmr/m/n on input line 17.
LaTeX Font Info:    ... okay on input line 17.

*geometry* driver: auto-detecting
*geometry* detected driver: pdftex
*geometry* verbose mode - [ preamble ] result:
* driver: pdftex
* paper: a4paper
* layout: <same size as paper>
* layoutoffset:(h,v)=(0.0pt,0.0pt)
* modes: 
* h-part:(L,W,R)=(71.13188pt, 455.24411pt, 71.13188pt)
* v-part:(T,H,B)=(101.40665pt, 591.5302pt, 152.11pt)
* \paperwidth=597.50787pt
* \paperheight=845.04684pt
* \textwidth=455.24411pt
* \textheight=591.5302pt
* \oddsidemargin=-1.1381pt
* \evensidemargin=-1.1381pt
* \topmargin=-7.86334pt
* \headheight=12.0pt
* \headsep=25.0pt
* \topskip=10.0pt
* \footskip=30.0pt
* \marginparwidth=57.0pt
* \marginparsep=11.0pt
* \columnsep=10.0pt
* \skip\footins=9.0pt plus 4.0pt minus 2.0pt
* \hoffset=0.0pt
* \voffset=0.0pt
* \mag=1000
* \@twocolumnfalse
* \@twosidefalse
* \@mparswitchfalse
* \@reversemarginfalse
* (1in=72.27pt=25.4mm, 1cm=28.453pt)

ABD: EveryShipout initializing macros
("C:\Users\Marcus\AppData\Local\Programs\MiKTeX 2.9\tex\context\base\supp-pdf.m
kii"
[Loading MPS to PDF converter (version 2006.09.02).]
\scratchcounter=\count127
\scratchdimen=\dimen178
\scratchbox=\box39
\nofMPsegments=\count128
\nofMParguments=\count129
\everyMPshowfont=\toks35
\MPscratchCnt=\count130
\MPscratchDim=\dimen179
\MPnumerator=\count131
\makeMPintoPDFobject=\count132
\everyMPtoPDFconversion=\toks36
)
("C:\Users\Marcus\AppData\Local\Programs\MiKTeX 2.9\tex\latex\oberdiek\epstopdf
-base.sty"
Package: epstopdf-base 2016/05/15 v2.6 Base part for package epstopdf

("C:\Users\Marcus\AppData\Local\Programs\MiKTeX 2.9\tex\generic\oberdiek\infwar
err.sty"
Package: infwarerr 2016/05/16 v1.4 Providing info/warning/error messages (HO)
)
("C:\Users\Marcus\AppData\Local\Programs\MiKTeX 2.9\tex\latex\oberdiek\grfext.s
ty"
Package: grfext 2016/05/16 v1.2 Manage graphics extensions (HO)

("C:\Users\Marcus\AppData\Local\Programs\MiKTeX 2.9\tex\generic\oberdiek\kvdefi
nekeys.sty"
Package: kvdefinekeys 2016/05/16 v1.4 Define keys (HO)

("C:\Users\Marcus\AppData\Local\Programs\MiKTeX 2.9\tex\generic\oberdiek\ltxcmd
s.sty"
Package: ltxcmds 2016/05/16 v1.23 LaTeX kernel commands for general use (HO)
)))
("C:\Users\Marcus\AppData\Local\Programs\MiKTeX 2.9\tex\latex\oberdiek\kvoption
s.sty"
Package: kvoptions 2016/05/16 v3.12 Key value format for package options (HO)

("C:\Users\Marcus\AppData\Local\Programs\MiKTeX 2.9\tex\generic\oberdiek\kvsetk
eys.sty"
Package: kvsetkeys 2016/05/16 v1.17 Key value parser (HO)

("C:\Users\Marcus\AppData\Local\Programs\MiKTeX 2.9\tex\generic\oberdiek\etexcm
ds.sty"
Package: etexcmds 2016/05/16 v1.6 Avoid name clashes with e-TeX commands (HO)

("C:\Users\Marcus\AppData\Local\Programs\MiKTeX 2.9\tex\generic\oberdiek\ifluat
ex.sty"
Package: ifluatex 2016/05/16 v1.4 Provides the ifluatex switch (HO)
Package ifluatex Info: LuaTeX not detected.
)
Package etexcmds Info: Could not find \expanded.
(etexcmds)             That can mean that you are not using pdfTeX 1.50 or
(etexcmds)             that some package has redefined \expanded.
(etexcmds)             In the latter case, load this package earlier.
)))
("C:\Users\Marcus\AppData\Local\Programs\MiKTeX 2.9\tex\generic\oberdiek\pdftex
cmds.sty"
Package: pdftexcmds 2018/01/21 v0.26 Utility functions of pdfTeX for LuaTeX (HO
)
Package pdftexcmds Info: LuaTeX not detected.
Package pdftexcmds Info: \pdf@primitive is available.
Package pdftexcmds Info: \pdf@ifprimitive is available.
Package pdftexcmds Info: \pdfdraftmode found.
)
Package epstopdf-base Info: Redefining graphics rule for `.eps' on input line 4
38.
Package grfext Info: Graphics extension search list:
(grfext)             [.pdf,.png,.jpg,.mps,.jpeg,.jbig2,.jb2,.PDF,.PNG,.JPG,.JPE
G,.JBIG2,.JB2,.eps]
(grfext)             \AppendGraphicsExtensions on input line 456.
)
LaTeX Font Info:    Try loading font information for U+msa on input line 19.

("C:\Users\Marcus\AppData\Local\Programs\MiKTeX 2.9\tex\latex\amsfonts\umsa.fd"
File: umsa.fd 2013/01/14 v3.01 AMS symbols A
)
LaTeX Font Info:    Try loading font information for U+msb on input line 19.
 ("C:\Users\Marcus\AppData\Local\Programs\MiKTeX 2.9\tex\latex\amsfonts\umsb.fd
"
File: umsb.fd 2013/01/14 v3.01 AMS symbols B
) [1

{C:/Users/Marcus/AppData/Local/MiKTeX/2.9/pdftex/config/pdftex.map}]
(Prüfungen_durchgerechnet.toc)
\tf@toc=\write4
\openout4 = `Prüfungen_durchgerechnet.toc'.

 [2] (26_6_2015_Bsp1.tex
Underfull \hbox (badness 10000) in paragraph at lines 1--4

 []


Underfull \hbox (badness 10000) in paragraph at lines 1--4

 []


Underfull \hbox (badness 10000) in paragraph at lines 21--24

 []


Underfull \hbox (badness 10000) in paragraph at lines 34--37

 []

[3]
Underfull \hbox (badness 10000) in paragraph at lines 77--80

 []


Underfull \hbox (badness 10000) in paragraph at lines 83--88

 []


Underfull \hbox (badness 10000) in paragraph at lines 83--88

 []


Overfull \hbox (56.42747pt too wide) detected at line 93
[]
 []

[4]
Underfull \hbox (badness 10000) in paragraph at lines 105--109

 []


Overfull \hbox (42.28743pt too wide) detected at line 115
[]
 []

) (26_6_2015_Bsp2.tex [5]
Underfull \hbox (badness 10000) in paragraph at lines 2--6

 []


Underfull \hbox (badness 10000) in paragraph at lines 2--6

 []


Underfull \hbox (badness 10000) in paragraph at lines 20--22

 []

[6]
Underfull \hbox (badness 10000) in paragraph at lines 37--40

 []

[7]) (26_6_2015_Bsp3.tex
Underfull \hbox (badness 10000) in paragraph at lines 91--5

 []


Underfull \hbox (badness 10000) in paragraph at lines 91--5

 []

[8]
Underfull \hbox (badness 10000) in paragraph at lines 28--31

 []

[9]
Underfull \hbox (badness 10000) in paragraph at lines 65--68

 []

) (26_6_2015_Bsp4.tex
Underfull \hbox (badness 10000) in paragraph at lines 80--4

 []


Underfull \hbox (badness 10000) in paragraph at lines 80--4

 []


Underfull \hbox (badness 10000) in paragraph at lines 6--9

 []


Underfull \hbox (badness 10000) in paragraph at lines 15--19

 []


Underfull \hbox (badness 10000) in paragraph at lines 33--37

 []

[10]) [11] (02_10_2015_Bsp1.tex
Underfull \hbox (badness 10000) in paragraph at lines 1--4

 []


Underfull \hbox (badness 10000) in paragraph at lines 1--4

 []


Overfull \hbox (19.4578pt too wide) in paragraph at lines 1--4
\OT1/cmr/m/n/10 auch f[]ur den Kunst-stoff auf-ge-stellt wer-den. F[]ur die Dif
-fe-ren-ti-al-glei-chung wird die Form der W[]armeleitgleichung
 []


Underfull \hbox (badness 10000) in paragraph at lines 6--10

 []

[12]
<tikz/2_10_15_1b.jpg, id=57, 427.5975pt x 145.29282pt>
File: tikz/2_10_15_1b.jpg Graphic file (type jpg)
<use tikz/2_10_15_1b.jpg>
Package pdftex.def Info: tikz/2_10_15_1b.jpg  used on input line 46.
(pdftex.def)             Requested size: 355.65944pt x 120.84795pt.

Underfull \hbox (badness 10000) in paragraph at lines 43--50

 []


Underfull \hbox (badness 10000) in paragraph at lines 61--64

 []


Underfull \hbox (badness 10000) in paragraph at lines 69--72

 []

) (02_10_2015_Bsp2.tex [13 <./tikz/2_10_15_1b.jpg>]
Underfull \hbox (badness 10000) in paragraph at lines 2--6

 []


Underfull \hbox (badness 10000) in paragraph at lines 2--6

 []


Underfull \hbox (badness 10000) in paragraph at lines 12--15

 []


Underfull \hbox (badness 10000) in paragraph at lines 26--30

 []


Underfull \hbox (badness 10000) in paragraph at lines 26--30

 []

) (02_10_2015_Bsp3.tex [14]) (02_10_2015_Bsp4.tex
Underfull \hbox (badness 10000) in paragraph at lines 2--4

 []


Underfull \hbox (badness 10000) in paragraph at lines 2--4

 []


Underfull \hbox (badness 10000) in paragraph at lines 2--4

 []


Underfull \hbox (badness 10000) in paragraph at lines 2--4

 []


Underfull \hbox (badness 10000) in paragraph at lines 37--40

 []

[15]
Underfull \hbox (badness 10000) in paragraph at lines 73--76

 []


Underfull \hbox (badness 10000) in paragraph at lines 78--81

 []

) [16] (27_11_2015_Bsp1.tex
Underfull \hbox (badness 10000) in paragraph at lines 1--4

 []


Underfull \hbox (badness 10000) in paragraph at lines 1--4

 []


Underfull \hbox (badness 10000) in paragraph at lines 20--23

 []

[17]
Underfull \hbox (badness 10000) in paragraph at lines 51--54

 []


Underfull \hbox (badness 10000) in paragraph at lines 62--66

 []


Underfull \hbox (badness 10000) in paragraph at lines 62--66

 []

[18]) (27_11_2015_Bsp2.tex
Underfull \hbox (badness 10000) in paragraph at lines 82--3

 []

) (27_11_2015_Bsp3.tex
Underfull \hbox (badness 10000) in paragraph at lines 37--5

 []


Underfull \hbox (badness 10000) in paragraph at lines 37--5

 []


Underfull \hbox (badness 10000) in paragraph at lines 37--5

 []

[19]
Underfull \hbox (badness 10000) in paragraph at lines 7--10

 []


Underfull \hbox (badness 10000) in paragraph at lines 18--21

 []


Underfull \hbox (badness 10000) in paragraph at lines 36--39

 []


Underfull \hbox (badness 10000) in paragraph at lines 60--63

 []

[20]
Underfull \hbox (badness 10000) in paragraph at lines 79--82

 []

[21]
Underfull \hbox (badness 10000) in paragraph at lines 87--90

 []

) [22] (05_02_2016_Bsp1.tex
Underfull \hbox (badness 10000) in paragraph at lines 1--5

 []


Underfull \hbox (badness 10000) in paragraph at lines 1--5

 []


Underfull \hbox (badness 10000) in paragraph at lines 1--5

 []


Underfull \hbox (badness 10000) in paragraph at lines 13--16

 []


Underfull \hbox (badness 10000) in paragraph at lines 22--25

 []


Underfull \hbox (badness 10000) in paragraph at lines 32--35

 []


Underfull \hbox (badness 10000) in paragraph at lines 37--40

 []

[23]) (05_02_2016_Bsp2.tex
Underfull \hbox (badness 10000) in paragraph at lines 47--4

 []


Underfull \hbox (badness 10000) in paragraph at lines 47--4

 []


Underfull \hbox (badness 10000) in paragraph at lines 12--15

 []

[24]
Underfull \hbox (badness 10000) in paragraph at lines 36--39

 []


Underfull \hbox (badness 10000) in paragraph at lines 50--53

 []

[25]
Underfull \hbox (badness 10000) in paragraph at lines 95--98

 []

) (05_02_2016_Bsp3.tex
<tikz/05_02_2016_3b.jpg, id=100, 467.49657pt x 170.88844pt>
File: tikz/05_02_2016_3b.jpg Graphic file (type jpg)
<use tikz/05_02_2016_3b.jpg>
Package pdftex.def Info: tikz/05_02_2016_3b.jpg  used on input line 8.
(pdftex.def)             Requested size: 284.52756pt x 104.00972pt.

Underfull \hbox (badness 10000) in paragraph at lines 108--12

 []


Underfull \hbox (badness 10000) in paragraph at lines 108--12

 []


Underfull \hbox (badness 10000) in paragraph at lines 108--12

 []


Underfull \hbox (badness 10000) in paragraph at lines 108--12

 []

[26 <./tikz/05_02_2016_3b.jpg>]
Underfull \hbox (badness 10000) in paragraph at lines 20--23

 []


Underfull \hbox (badness 10000) in paragraph at lines 38--41

 []

) [27] (11_03_2016_Bsp1.tex
Underfull \hbox (badness 10000) in paragraph at lines 1--4

 []


Underfull \hbox (badness 10000) in paragraph at lines 1--4

 []


Underfull \hbox (badness 10000) in paragraph at lines 22--25

 []

<tikz/11_03_2016_1c.jpg, id=107, 325.215pt x 231.86626pt>
File: tikz/11_03_2016_1c.jpg Graphic file (type jpg)
<use tikz/11_03_2016_1c.jpg>
Package pdftex.def Info: tikz/11_03_2016_1c.jpg  used on input line 33.
(pdftex.def)             Requested size: 227.62204pt x 162.2911pt.
) (11_03_2016_Bsp2.tex
Underfull \hbox (badness 10000) in paragraph at lines 29--1

 []

[28 <./tikz/11_03_2016_1c.jpg>]
<tikz/11_03_2016_2a.jpg, id=111, 561.59813pt x 199.49532pt>
File: tikz/11_03_2016_2a.jpg Graphic file (type jpg)
<use tikz/11_03_2016_2a.jpg>
Package pdftex.def Info: tikz/11_03_2016_2a.jpg  used on input line 8.
(pdftex.def)             Requested size: 355.65944pt x 126.34021pt.

Underfull \hbox (badness 10000) in paragraph at lines 2--12

 []


Underfull \hbox (badness 10000) in paragraph at lines 2--12

 []


Underfull \hbox (badness 10000) in paragraph at lines 26--30

 []


Underfull \hbox (badness 10000) in paragraph at lines 26--30

 []


Underfull \hbox (badness 10000) in paragraph at lines 35--38

 []

[29 <./tikz/11_03_2016_2a.jpg>]
Underfull \hbox (badness 10000) in paragraph at lines 43--46

 []

) (11_03_2016_Bsp3.tex
Underfull \hbox (badness 10000) in paragraph at lines 52--4

 []


Underfull \hbox (badness 10000) in paragraph at lines 52--4

 []


Underfull \hbox (badness 10000) in paragraph at lines 10--13

 []


Underfull \hbox (badness 10000) in paragraph at lines 15--18

 []


Underfull \hbox (badness 10000) in paragraph at lines 20--24

 []

[30] [31]
Underfull \hbox (badness 10000) in paragraph at lines 72--75

 []


Underfull \hbox (badness 10000) in paragraph at lines 77--81

 []


Underfull \hbox (badness 10000) in paragraph at lines 77--81

 []

) (11_03_2016_Bsp4.tex
Underfull \hbox (badness 10000) in paragraph at lines 84--4

 []


Underfull \hbox (badness 10000) in paragraph at lines 84--4

 []


Underfull \hbox (badness 10000) in paragraph at lines 10--13

 []


Underfull \hbox (badness 10000) in paragraph at lines 19--23

 []


Underfull \hbox (badness 10000) in paragraph at lines 19--23

 []

[32]
Underfull \hbox (badness 10000) in paragraph at lines 30--33

 []


Underfull \hbox (badness 10000) in paragraph at lines 51--54

 []

) (13_05_2016_Bsp1.tex
Underfull \hbox (badness 10000) in paragraph at lines 1--4

 []


Underfull \hbox (badness 10000) in paragraph at lines 1--4

 []

[33]
Overfull \hbox (26.2258pt too wide) detected at line 17
[]
 []


Underfull \hbox (badness 10000) in paragraph at lines 17--20

 []


Underfull \hbox (badness 10000) in paragraph at lines 22--26

 []


Underfull \hbox (badness 10000) in paragraph at lines 22--26

 []


Underfull \hbox (badness 10000) in paragraph at lines 39--42

 []

[34]
Underfull \hbox (badness 10000) in paragraph at lines 46--49

 []


Underfull \hbox (badness 10000) in paragraph at lines 53--56

 []


Underfull \hbox (badness 10000) in paragraph at lines 58--61

 []

) (13_05_2016_Bsp2.tex [35]
<tikz/13_05_2016_2a.jpg, id=134, 377.15906pt x 246.9225pt>
File: tikz/13_05_2016_2a.jpg Graphic file (type jpg)
<use tikz/13_05_2016_2a.jpg>
Package pdftex.def Info: tikz/13_05_2016_2a.jpg  used on input line 7.
(pdftex.def)             Requested size: 284.52756pt x 186.2765pt.

Underfull \hbox (badness 10000) in paragraph at lines 2--12

 []


Underfull \hbox (badness 10000) in paragraph at lines 2--12

 []


Underfull \hbox (badness 10000) in paragraph at lines 2--12

 []


Underfull \hbox (badness 10000) in paragraph at lines 14--17

 []


Underfull \hbox (badness 10000) in paragraph at lines 20--23

 []


Underfull \hbox (badness 10000) in paragraph at lines 25--28

 []

<tikz/13_05_2016_2e.jpg, id=135, 328.97906pt x 149.8097pt>
File: tikz/13_05_2016_2e.jpg Graphic file (type jpg)
<use tikz/13_05_2016_2e.jpg>
Package pdftex.def Info: tikz/13_05_2016_2e.jpg  used on input line 34.
(pdftex.def)             Requested size: 284.52756pt x 129.56987pt.

LaTeX Warning: `h' float specifier changed to `ht'.

[36 <./tikz/13_05_2016_2a.jpg>]
Underfull \hbox (badness 10000) in paragraph at lines 37--40

 []


Underfull \hbox (badness 10000) in paragraph at lines 43--47

 []


Underfull \hbox (badness 10000) in paragraph at lines 43--47

 []

[37 <./tikz/13_05_2016_2e.jpg>]) (13_05_2016_Bsp3.tex
Underfull \hbox (badness 10000) in paragraph at lines 78--4

 []


Underfull \hbox (badness 10000) in paragraph at lines 78--4

 []


Underfull \hbox (badness 10000) in paragraph at lines 20--24

 []


Underfull \hbox (badness 10000) in paragraph at lines 20--24

 []

[38]
<tikz/13_05_2016_3c.jpg, id=146, 329.73187pt x 186.6975pt>
File: tikz/13_05_2016_3c.jpg Graphic file (type jpg)
<use tikz/13_05_2016_3c.jpg>
Package pdftex.def Info: tikz/13_05_2016_3c.jpg  used on input line 48.
(pdftex.def)             Requested size: 284.52756pt x 161.10652pt.

Underfull \hbox (badness 10000) in paragraph at lines 42--52

 []


Underfull \hbox (badness 10000) in paragraph at lines 42--52

 []


Underfull \hbox (badness 10000) in paragraph at lines 54--57

 []

[39 <./tikz/13_05_2016_3c.jpg>]
Underfull \hbox (badness 10000) in paragraph at lines 63--66

 []


Underfull \hbox (badness 10000) in paragraph at lines 72--76

 []


Underfull \hbox (badness 10000) in paragraph at lines 72--76

 []


Underfull \hbox (badness 10000) in paragraph at lines 100--103

 []

) [40] (08_07_2016_Bsp1.tex
<tikz/08_07_2016_1a.jpg, id=153, 277.78781pt x 274.02374pt>
File: tikz/08_07_2016_1a.jpg Graphic file (type jpg)
<use tikz/08_07_2016_1a.jpg>
Package pdftex.def Info: tikz/08_07_2016_1a.jpg  used on input line 6.
(pdftex.def)             Requested size: 227.62204pt x 224.54202pt.

Underfull \hbox (badness 10000) in paragraph at lines 1--11

 []


Underfull \hbox (badness 10000) in paragraph at lines 1--11

 []


Underfull \hbox (badness 10000) in paragraph at lines 1--11

 []


Underfull \hbox (badness 10000) in paragraph at lines 18--21

 []

[41 <./tikz/08_07_2016_1a.jpg>]
Underfull \hbox (badness 10000) in paragraph at lines 36--39

 []


Underfull \hbox (badness 10000) in paragraph at lines 42--45

 []


Underfull \hbox (badness 10000) in paragraph at lines 51--55

 []


Underfull \hbox (badness 10000) in paragraph at lines 51--55

 []

[42]) (08_07_2016_Bsp2.tex
Underfull \hbox (badness 10000) in paragraph at lines 69--4

 []


Underfull \hbox (badness 10000) in paragraph at lines 69--4

 []


Underfull \hbox (badness 10000) in paragraph at lines 6--10

 []


Underfull \hbox (badness 10000) in paragraph at lines 6--10

 []


Underfull \hbox (badness 10000) in paragraph at lines 25--28

 []


Underfull \hbox (badness 10000) in paragraph at lines 32--36

 []


Underfull \hbox (badness 10000) in paragraph at lines 32--36

 []

[43]
Underfull \hbox (badness 10000) in paragraph at lines 41--44

 []


Underfull \hbox (badness 10000) in paragraph at lines 47--50

 []

[44]) (08_07_2016_Bsp3.tex
Underfull \hbox (badness 10000) in paragraph at lines 89--4

 []


Underfull \hbox (badness 10000) in paragraph at lines 89--4

 []


Underfull \hbox (badness 10000) in paragraph at lines 30--33

 []

[45]
Underfull \hbox (badness 10000) in paragraph at lines 59--62

 []


Underfull \hbox (badness 10000) in paragraph at lines 84--87

 []

[46]
Underfull \hbox (badness 10000) in paragraph at lines 109--112

 []

) [47] (23_09_2016_Bsp1.tex
Underfull \hbox (badness 10000) in paragraph at lines 1--4

 []


Underfull \hbox (badness 10000) in paragraph at lines 1--4

 []

<tikz/23_09_2016_1b.jpg, id=176, 493.845pt x 316.18124pt>
File: tikz/23_09_2016_1b.jpg Graphic file (type jpg)
<use tikz/23_09_2016_1b.jpg>
Package pdftex.def Info: tikz/23_09_2016_1b.jpg  used on input line 14.
(pdftex.def)             Requested size: 341.43306pt x 218.59949pt.

Underfull \hbox (badness 10000) in paragraph at lines 8--18

 []


Underfull \hbox (badness 10000) in paragraph at lines 8--18

 []


Underfull \hbox (badness 10000) in paragraph at lines 28--31

 []


Underfull \hbox (badness 10000) in paragraph at lines 33--36

 []

[48 <./tikz/23_09_2016_1b.jpg>]
Underfull \hbox (badness 10000) in paragraph at lines 45--49

 []


Underfull \hbox (badness 10000) in paragraph at lines 45--49

 []

) (23_09_2016_Bsp2.tex
Underfull \hbox (badness 10000) in paragraph at lines 55--1

 []


Underfull \hbox (badness 10000) in paragraph at lines 55--1

 []

[49]
Underfull \hbox (badness 10000) in paragraph at lines 2--9

 []


Underfull \hbox (badness 10000) in paragraph at lines 2--9

 []


Underfull \hbox (badness 10000) in paragraph at lines 2--9

 []


Underfull \hbox (badness 10000) in paragraph at lines 2--9

 []


Underfull \hbox (badness 10000) in paragraph at lines 2--9

 []


Underfull \hbox (badness 10000) in paragraph at lines 12--15

 []


Underfull \hbox (badness 10000) in paragraph at lines 17--21

 []

[50]
Underfull \hbox (badness 10000) in paragraph at lines 73--76

 []

) (23_09_2016_Bsp3.tex [51]
Underfull \hbox (badness 10000) in paragraph at lines 2--8

 []


Underfull \hbox (badness 10000) in paragraph at lines 2--8

 []


Underfull \hbox (badness 10000) in paragraph at lines 2--8

 []


Underfull \hbox (badness 10000) in paragraph at lines 20--23

 []

[52]
Underfull \hbox (badness 10000) in paragraph at lines 54--57

 []


Underfull \hbox (badness 10000) in paragraph at lines 64--67

 []


Underfull \hbox (badness 10000) in paragraph at lines 73--76

 []

) [53] (18_11_2016_Bsp1.tex
Underfull \hbox (badness 10000) in paragraph at lines 1--4

 []


Underfull \hbox (badness 10000) in paragraph at lines 1--4

 []


Underfull \hbox (badness 10000) in paragraph at lines 6--9

 []


Underfull \hbox (badness 10000) in paragraph at lines 23--26

 []

[54]
Underfull \hbox (badness 10000) in paragraph at lines 51--54

 []


Overfull \hbox (65.91464pt too wide) detected at line 64
[]
 []


Underfull \hbox (badness 10000) in paragraph at lines 69--72

 []

) (18_11_2016_Bsp2.tex [55]
Underfull \hbox (badness 10000) in paragraph at lines 2--6

 []


Underfull \hbox (badness 10000) in paragraph at lines 2--6

 []


Underfull \hbox (badness 10000) in paragraph at lines 16--19

 []


Underfull \hbox (badness 10000) in paragraph at lines 25--28

 []


Underfull \hbox (badness 10000) in paragraph at lines 62--65

 []

[56]
Underfull \hbox (badness 10000) in paragraph at lines 104--107

 []

[57]
Underfull \hbox (badness 10000) in paragraph at lines 145--148

 []

) (18_11_2016_Bsp3.tex
Underfull \hbox (badness 10000) in paragraph at lines 155--4

 []


Underfull \hbox (badness 10000) in paragraph at lines 155--4

 []


Underfull \hbox (badness 10000) in paragraph at lines 8--11

 []


Underfull \hbox (badness 10000) in paragraph at lines 14--18

 []


Underfull \hbox (badness 10000) in paragraph at lines 14--18

 []

[58]
Underfull \hbox (badness 10000) in paragraph at lines 24--27

 []


Underfull \hbox (badness 10000) in paragraph at lines 65--68

 []

)
Underfull \hbox (badness 10000) in paragraph at lines 74--83

 []

[59] (03_02_2017_Bsp1.tex
Underfull \hbox (badness 10000) in paragraph at lines 1--4

 []


Underfull \hbox (badness 10000) in paragraph at lines 1--4

 []


Underfull \hbox (badness 10000) in paragraph at lines 6--10

 []


Underfull \hbox (badness 10000) in paragraph at lines 6--10

 []

[60]
Underfull \hbox (badness 10000) in paragraph at lines 39--42

 []


Underfull \hbox (badness 10000) in paragraph at lines 44--47

 []


Overfull \hbox (29.62442pt too wide) in paragraph at lines 65--67
\OT1/cmr/m/n/10 die bei-den ge-such-ten Net-tow[]armestromdichten be-stimmt wer
-den. Durch Auf-sum-mie-ren s[]amtlicher W[]armestr[]ome
 []

) (03_02_2017_Bsp2.tex
Underfull \hbox (badness 10000) in paragraph at lines 69--4

 []


Underfull \hbox (badness 10000) in paragraph at lines 69--4

 []


Underfull \hbox (badness 10000) in paragraph at lines 69--4

 []


Underfull \hbox (badness 10000) in paragraph at lines 69--4

 []


Underfull \hbox (badness 10000) in paragraph at lines 16--19

 []

[61]
Underfull \hbox (badness 10000) in paragraph at lines 27--30

 []


Underfull \hbox (badness 10000) in paragraph at lines 36--39

 []

[62]
Underfull \hbox (badness 10000) in paragraph at lines 65--68

 []


Underfull \hbox (badness 10000) in paragraph at lines 79--82

 []

) (03_02_2017_Bsp3.tex
<tikz/03_02_2017_3a.jpg, id=226, 386.19281pt x 230.36063pt>
File: tikz/03_02_2017_3a.jpg Graphic file (type jpg)
<use tikz/03_02_2017_3a.jpg>
Package pdftex.def Info: tikz/03_02_2017_3a.jpg  used on input line 6.
(pdftex.def)             Requested size: 369.88582pt x 220.63399pt.

Underfull \hbox (badness 10000) in paragraph at lines 84--10

 []


Underfull \hbox (badness 10000) in paragraph at lines 84--10

 []

[63 <./tikz/03_02_2017_3a.jpg>]
Underfull \hbox (badness 10000) in paragraph at lines 15--18

 []


Underfull \hbox (badness 10000) in paragraph at lines 40--43

 []


Underfull \hbox (badness 10000) in paragraph at lines 45--48

 []

)
Underfull \hbox (badness 10000) in paragraph at lines 60--88

 []


Underfull \hbox (badness 10000) in paragraph at lines 60--88

 []


Underfull \hbox (badness 10000) in paragraph at lines 60--88

 []

[64] (31_03_2017_Bsp1.tex
Underfull \hbox (badness 10000) in paragraph at lines 1--5

 []


Underfull \hbox (badness 10000) in paragraph at lines 1--5

 []


Underfull \hbox (badness 10000) in paragraph at lines 1--5

 []


Underfull \hbox (badness 10000) in paragraph at lines 14--17

 []


Underfull \hbox (badness 10000) in paragraph at lines 40--43

 []

[65]
Underfull \hbox (badness 10000) in paragraph at lines 66--69

 []


Underfull \hbox (badness 10000) in paragraph at lines 81--84

 []


Underfull \hbox (badness 10000) in paragraph at lines 89--92

 []

[66]
Underfull \hbox (badness 10000) in paragraph at lines 123--126

 []

) (31_03_2017_Bsp2.tex [67]
<tikz/31_03_2017_2a.jpg, id=243, 495.35063pt x 290.58563pt>
File: tikz/31_03_2017_2a.jpg Graphic file (type jpg)
<use tikz/31_03_2017_2a.jpg>
Package pdftex.def Info: tikz/31_03_2017_2a.jpg  used on input line 8.
(pdftex.def)             Requested size: 355.65944pt x 208.64064pt.

Underfull \hbox (badness 10000) in paragraph at lines 2--13

 []


Underfull \hbox (badness 10000) in paragraph at lines 2--13

 []


Underfull \hbox (badness 10000) in paragraph at lines 2--13

 []


Underfull \hbox (badness 10000) in paragraph at lines 19--22

 []

) (31_03_2017_Bsp3.tex
Underfull \hbox (badness 10000) in paragraph at lines 24--1

 []

[68 <./tikz/31_03_2017_2a.jpg>]
Underfull \hbox (badness 10000) in paragraph at lines 2--6

 []


Underfull \hbox (badness 10000) in paragraph at lines 2--6

 []


Underfull \hbox (badness 10000) in paragraph at lines 12--15

 []


Underfull \hbox (badness 10000) in paragraph at lines 33--36

 []


Underfull \hbox (badness 10000) in paragraph at lines 44--47

 []

[69]
Underfull \hbox (badness 10000) in paragraph at lines 55--58

 []


Underfull \hbox (badness 10000) in paragraph at lines 63--66

 []

) (19_05_2017_Bsp1.tex
Underfull \hbox (badness 10000) in paragraph at lines 1--4

 []


Underfull \hbox (badness 10000) in paragraph at lines 1--4

 []

[70]
Underfull \hbox (badness 10000) in paragraph at lines 55--58

 []


Underfull \hbox (badness 10000) in paragraph at lines 94--97

 []

[71]
Underfull \hbox (badness 10000) in paragraph at lines 113--116

 []


Underfull \hbox (badness 10000) in paragraph at lines 119--122

 []


Underfull \hbox (badness 10000) in paragraph at lines 128--131

 []

) (19_05_2017_Bsp2.tex
<tikz/19_05_2017_2b.jpg, id=256, 313.17pt x 155.83218pt>
File: tikz/19_05_2017_2b.jpg Graphic file (type jpg)
<use tikz/19_05_2017_2b.jpg>
Package pdftex.def Info: tikz/19_05_2017_2b.jpg  used on input line 8.
(pdftex.def)             Requested size: 355.65944pt x 176.98pt.

Underfull \hbox (badness 10000) in paragraph at lines 171--12

 []


Underfull \hbox (badness 10000) in paragraph at lines 171--12

 []


Underfull \hbox (badness 10000) in paragraph at lines 171--12

 []


Underfull \hbox (badness 10000) in paragraph at lines 171--12

 []

[72] [73 <./tikz/19_05_2017_2b.jpg>]
<tikz/19_05_2017_2c.jpg, id=264, 316.18124pt x 192.72pt>
File: tikz/19_05_2017_2c.jpg Graphic file (type jpg)
<use tikz/19_05_2017_2c.jpg>
Package pdftex.def Info: tikz/19_05_2017_2c.jpg  used on input line 32.
(pdftex.def)             Requested size: 284.52756pt x 173.43756pt.

Underfull \hbox (badness 10000) in paragraph at lines 27--36

 []


Underfull \hbox (badness 10000) in paragraph at lines 49--52

 []

[74 <./tikz/19_05_2017_2c.jpg>]
Underfull \hbox (badness 10000) in paragraph at lines 58--61

 []


Underfull \hbox (badness 10000) in paragraph at lines 73--76

 []

) (19_05_2017_Bsp3.tex [75]
Underfull \hbox (badness 10000) in paragraph at lines 2--6

 []


Underfull \hbox (badness 10000) in paragraph at lines 2--6

 []


Underfull \hbox (badness 10000) in paragraph at lines 8--11

 []


Underfull \hbox (badness 10000) in paragraph at lines 14--17

 []


Underfull \hbox (badness 10000) in paragraph at lines 19--23

 []


Underfull \hbox (badness 10000) in paragraph at lines 19--23

 []


Underfull \hbox (badness 10000) in paragraph at lines 26--31

 []


Underfull \hbox (badness 10000) in paragraph at lines 26--31

 []


Underfull \hbox (badness 10000) in paragraph at lines 26--31

 []

) (14_07_2017_Bsp1.tex
Underfull \hbox (badness 10000) in paragraph at lines 1--4

 []


Underfull \hbox (badness 10000) in paragraph at lines 1--4

 []

[76]
Underfull \hbox (badness 10000) in paragraph at lines 14--17

 []


Underfull \hbox (badness 10000) in paragraph at lines 36--39

 []

[77]
Underfull \hbox (badness 10000) in paragraph at lines 63--66

 []


Underfull \hbox (badness 10000) in paragraph at lines 70--73

 []


Underfull \hbox (badness 10000) in paragraph at lines 79--82

 []

[78]
Underfull \hbox (badness 10000) in paragraph at lines 95--98

 []


Underfull \hbox (badness 10000) in paragraph at lines 103--106

 []


Overfull \hbox (6.43002pt too wide) in paragraph at lines 103--106
\OT1/cmr/m/n/10 Die For-mel zur Be-stim-mung der ge-ne-ra-li-sier-ten Kr[]afte 
kann der For-melsamm-lung ent-neh-men. Der ben[]otigte
 []

[79]
Underfull \hbox (badness 10000) in paragraph at lines 133--136

 []


Underfull \hbox (badness 10000) in paragraph at lines 144--147

 []

) (14_07_2017_Bsp2.tex [80]
<tikz/17_07_2017_2a.jpg, id=287, 334.24875pt x 236.38312pt>
File: tikz/17_07_2017_2a.jpg Graphic file (type jpg)
<use tikz/17_07_2017_2a.jpg>
Package pdftex.def Info: tikz/17_07_2017_2a.jpg  used on input line 8.
(pdftex.def)             Requested size: 284.52756pt x 201.23679pt.

Underfull \hbox (badness 10000) in paragraph at lines 2--12

 []


Underfull \hbox (badness 10000) in paragraph at lines 2--12

 []

[81 <./tikz/17_07_2017_2a.jpg>]
Underfull \hbox (badness 10000) in paragraph at lines 33--36

 []


Underfull \hbox (badness 10000) in paragraph at lines 53--56

 []

) (14_07_2017_Bsp3.tex
Underfull \hbox (badness 10000) in paragraph at lines 62--4

 []


Underfull \hbox (badness 10000) in paragraph at lines 62--4

 []


Underfull \hbox (badness 10000) in paragraph at lines 10--13

 []

[82]
Underfull \hbox (badness 10000) in paragraph at lines 21--24

 []


Underfull \hbox (badness 10000) in paragraph at lines 31--34

 []

[83]
Underfull \hbox (badness 10000) in paragraph at lines 56--59

 []

) (14_07_2017_Bsp4.tex
Underfull \hbox (badness 10000) in paragraph at lines 61--4

 []


Underfull \hbox (badness 10000) in paragraph at lines 61--4

 []


Underfull \hbox (badness 10000) in paragraph at lines 61--4

 []

<tikz/17_07_2017_4a.jpg, id=297, 297.36093pt x 115.18031pt>
File: tikz/17_07_2017_4a.jpg Graphic file (type jpg)
<use tikz/17_07_2017_4a.jpg>
Package pdftex.def Info: tikz/17_07_2017_4a.jpg  used on input line 14.
(pdftex.def)             Requested size: 284.52756pt x 110.21504pt.

Underfull \hbox (badness 10000) in paragraph at lines 23--26

 []

[84 <./tikz/17_07_2017_4a.jpg>]
Underfull \hbox (badness 10000) in paragraph at lines 51--54

 []


Underfull \hbox (badness 10000) in paragraph at lines 59--62

 []

) [85] (29_09_2017_Bsp1.tex
<tikz/29_09_2017_1a.jpg, id=305, 171.64125pt x 317.68687pt>
File: tikz/29_09_2017_1a.jpg Graphic file (type jpg)
<use tikz/29_09_2017_1a.jpg>
Package pdftex.def Info: tikz/29_09_2017_1a.jpg  used on input line 6.
(pdftex.def)             Requested size: 85.35826pt x 157.98503pt.

Underfull \hbox (badness 10000) in paragraph at lines 1--10

 []


Underfull \hbox (badness 10000) in paragraph at lines 1--10

 []


Underfull \hbox (badness 10000) in paragraph at lines 13--16

 []


Underfull \hbox (badness 10000) in paragraph at lines 22--25

 []

[86 <./tikz/29_09_2017_1a.jpg>]
<tikz/29_09_2017_1d.jpg, id=309, 283.0575pt x 225.84375pt>
File: tikz/29_09_2017_1d.jpg Graphic file (type jpg)
<use tikz/29_09_2017_1d.jpg>
Package pdftex.def Info: tikz/29_09_2017_1d.jpg  used on input line 52.
(pdftex.def)             Requested size: 142.26378pt x 113.51086pt.

Underfull \hbox (badness 10000) in paragraph at lines 47--57

 []


Underfull \hbox (badness 10000) in paragraph at lines 47--57

 []

[87 <./tikz/29_09_2017_1d.jpg>]) (29_09_2017_Bsp2.tex
Underfull \hbox (badness 10000) in paragraph at lines 70--6

 []


Underfull \hbox (badness 10000) in paragraph at lines 70--6

 []


Underfull \hbox (badness 10000) in paragraph at lines 70--6

 []


Underfull \hbox (badness 10000) in paragraph at lines 70--6

 []


Underfull \hbox (badness 10000) in paragraph at lines 12--15

 []

[88]
Underfull \hbox (badness 10000) in paragraph at lines 68--71

 []


Underfull \hbox (badness 10000) in paragraph at lines 81--84

 []

) (29_09_2017_Bsp3.tex [89]
Underfull \hbox (badness 10000) in paragraph at lines 2--6

 []


Underfull \hbox (badness 10000) in paragraph at lines 2--6

 []


Underfull \hbox (badness 10000) in paragraph at lines 14--17

 []


Underfull \hbox (badness 10000) in paragraph at lines 29--32

 []


Underfull \hbox (badness 10000) in paragraph at lines 52--55

 []

) (29_09_2017_Bsp4.tex
Underfull \hbox (badness 10000) in paragraph at lines 57--4

 []


Underfull \hbox (badness 10000) in paragraph at lines 57--4

 []

[90]
Underfull \hbox (badness 10000) in paragraph at lines 7--10

 []


Overfull \hbox (8.06226pt too wide) in paragraph at lines 7--10
\OT1/cmr/m/n/10 Unter Be-ach-tung der Hin-wei-se und des in-fi-ni-te-si-ma-len 
Kon-troll-vo-lu-men folgt f[]ur die ein-zel-nen W[]armestr[]ome 
 []


Underfull \hbox (badness 10000) in paragraph at lines 19--22

 []


Underfull \hbox (badness 10000) in paragraph at lines 24--26

 []

) [91] (01_12_2017_Bsp1.tex
Underfull \hbox (badness 10000) in paragraph at lines 1--4

 []


Underfull \hbox (badness 10000) in paragraph at lines 1--4

 []


Underfull \hbox (badness 10000) in paragraph at lines 9--12

 []


Underfull \hbox (badness 10000) in paragraph at lines 14--18

 []


Underfull \hbox (badness 10000) in paragraph at lines 14--18

 []


Underfull \hbox (badness 10000) in paragraph at lines 21--24

 []

) (01_12_2017_Bsp2.tex [92]
Underfull \hbox (badness 10000) in paragraph at lines 2--8

 []


Underfull \hbox (badness 10000) in paragraph at lines 2--8

 []


Underfull \hbox (badness 10000) in paragraph at lines 2--8

 []


Underfull \hbox (badness 10000) in paragraph at lines 2--8

 []

[93]
Underfull \hbox (badness 10000) in paragraph at lines 94--97

 []

[94] [95]) (01_12_2017_Bsp3.tex
Underfull \hbox (badness 10000) in paragraph at lines 201--1

 []

[96]
Underfull \hbox (badness 10000) in paragraph at lines 2--6

 []


Underfull \hbox (badness 10000) in paragraph at lines 2--6

 []


Underfull \hbox (badness 10000) in paragraph at lines 8--11

 []


Underfull \hbox (badness 10000) in paragraph at lines 26--29

 []

) (01_12_2017_Bsp4.tex [97]
Underfull \hbox (badness 10000) in paragraph at lines 2--6

 []


Underfull \hbox (badness 10000) in paragraph at lines 2--6

 []


Underfull \hbox (badness 10000) in paragraph at lines 17--20

 []


Underfull \hbox (badness 10000) in paragraph at lines 32--35

 []


Underfull \hbox (badness 10000) in paragraph at lines 50--53

 []

) (02_02_2018_Bsp1.tex
Underfull \hbox (badness 10000) in paragraph at lines 1--4

 []


Underfull \hbox (badness 10000) in paragraph at lines 1--4

 []

[98]
Underfull \hbox (badness 10000) in paragraph at lines 14--17

 []


Underfull \hbox (badness 10000) in paragraph at lines 39--42

 []

[99]
Underfull \hbox (badness 10000) in paragraph at lines 49--52

 []


Underfull \hbox (badness 10000) in paragraph at lines 62--66

 []


Underfull \hbox (badness 10000) in paragraph at lines 62--66

 []


Underfull \hbox (badness 10000) in paragraph at lines 85--88

 []

[100]
Underfull \hbox (badness 10000) in paragraph at lines 104--107

 []

) (02_02_2018_Bsp2.tex
<tikz/02_02_2018_2a.jpg, id=354, 231.86626pt x 299.61937pt>
File: tikz/02_02_2018_2a.jpg Graphic file (type jpg)
<use tikz/02_02_2018_2a.jpg>
Package pdftex.def Info: tikz/02_02_2018_2a.jpg  used on input line 5.
(pdftex.def)             Requested size: 85.35826pt x 110.29967pt.

Underfull \hbox (badness 10000) in paragraph at lines 113--9

 []


Underfull \hbox (badness 10000) in paragraph at lines 113--9

 []


Underfull \hbox (badness 10000) in paragraph at lines 14--17

 []


Underfull \hbox (badness 10000) in paragraph at lines 31--34

 []

[101 <./tikz/02_02_2018_2a.jpg>]
Overfull \hbox (7.04185pt too wide) detected at line 59
[]
 []


Underfull \hbox (badness 10000) in paragraph at lines 64--67

 []


Underfull \hbox (badness 10000) in paragraph at lines 70--73

 []

[102]) (02_02_2018_Bsp3.tex
<tikz/02_02_2018_3a.jpg, id=361, 746.79pt x 292.84406pt>
File: tikz/02_02_2018_3a.jpg Graphic file (type jpg)
<use tikz/02_02_2018_3a.jpg>
Package pdftex.def Info: tikz/02_02_2018_3a.jpg  used on input line 7.
(pdftex.def)             Requested size: 284.52756pt x 111.57234pt.

Underfull \hbox (badness 10000) in paragraph at lines 98--12

 []


Underfull \hbox (badness 10000) in paragraph at lines 98--12

 []


Underfull \hbox (badness 10000) in paragraph at lines 98--12

 []

[103 <./tikz/02_02_2018_3a.jpg>]) (02_02_2018_Bsp4.tex
Underfull \hbox (badness 10000) in paragraph at lines 52--4

 []


Underfull \hbox (badness 10000) in paragraph at lines 52--4

 []


Underfull \hbox (badness 10000) in paragraph at lines 14--17

 []

[104]
Underfull \hbox (badness 10000) in paragraph at lines 152--155

 []


Underfull \hbox (badness 10000) in paragraph at lines 157--160

 []

)
Underfull \hbox (badness 10000) in paragraph at lines 170--124

 []

[105] (16_03_2018_Bsp1.tex
Underfull \hbox (badness 10000) in paragraph at lines 1--4

 []


Underfull \hbox (badness 10000) in paragraph at lines 1--4

 []

<tikz/16_03_2018_1b.jpg, id=372, 984.67876pt x 372.64218pt>
File: tikz/16_03_2018_1b.jpg Graphic file (type jpg)
<use tikz/16_03_2018_1b.jpg>
Package pdftex.def Info: tikz/16_03_2018_1b.jpg  used on input line 21.
(pdftex.def)             Requested size: 355.65944pt x 134.59459pt.

Underfull \hbox (badness 10000) in paragraph at lines 16--23

 []

[106 <./tikz/16_03_2018_1b.jpg>]
Underfull \hbox (badness 10000) in paragraph at lines 24--27

 []


Underfull \hbox (badness 10000) in paragraph at lines 36--39

 []


Underfull \hbox (badness 10000) in paragraph at lines 43--46

 []

) (16_03_2018_Bsp2.tex
Underfull \hbox (badness 10000) in paragraph at lines 48--4

 []


Underfull \hbox (badness 10000) in paragraph at lines 48--4

 []


Underfull \hbox (badness 10000) in paragraph at lines 6--9

 []

[107]
Underfull \hbox (badness 10000) in paragraph at lines 21--24

 []


Underfull \hbox (badness 10000) in paragraph at lines 26--29

 []

) (16_03_2018_Bsp3.tex
<tikz/16_03_2018_3a.jpg, id=379, 709.14937pt x 184.43906pt>
File: tikz/16_03_2018_3a.jpg Graphic file (type jpg)
<use tikz/16_03_2018_3a.jpg>
Package pdftex.def Info: tikz/16_03_2018_3a.jpg  used on input line 6.
(pdftex.def)             Requested size: 284.52756pt x 74.00226pt.

Underfull \hbox (badness 10000) in paragraph at lines 31--12

 []


Underfull \hbox (badness 10000) in paragraph at lines 31--12

 []


Underfull \hbox (badness 10000) in paragraph at lines 31--12

 []


Underfull \hbox (badness 10000) in paragraph at lines 31--12

 []


Underfull \hbox (badness 10000) in paragraph at lines 18--21

 []

[108 <./tikz/16_03_2018_3a.jpg>]
Underfull \hbox (badness 10000) in paragraph at lines 25--28

 []

) (16_03_2018_Bsp4.tex
Underfull \hbox (badness 10000) in paragraph at lines 31--4

 []


Underfull \hbox (badness 10000) in paragraph at lines 31--4

 []


Underfull \hbox (badness 10000) in paragraph at lines 31--4

 []


Underfull \hbox (badness 10000) in paragraph at lines 6--9

 []


Underfull \hbox (badness 10000) in paragraph at lines 11--14

 []


Underfull \hbox (badness 10000) in paragraph at lines 20--23

 []


Underfull \hbox (badness 10000) in paragraph at lines 33--36

 []

[109]
Underfull \hbox (badness 10000) in paragraph at lines 42--45

 []


Underfull \hbox (badness 10000) in paragraph at lines 50--53

 []


Underfull \hbox (badness 10000) in paragraph at lines 63--67

 []


Underfull \hbox (badness 10000) in paragraph at lines 63--67

 []

) [110] (18_05_2018_Bsp1.tex
Underfull \hbox (badness 10000) in paragraph at lines 1--4

 []


Underfull \hbox (badness 10000) in paragraph at lines 1--4

 []


Underfull \hbox (badness 10000) in paragraph at lines 6--10

 []


Underfull \hbox (badness 10000) in paragraph at lines 6--10

 []


Overfull \hbox (22.67978pt too wide) in paragraph at lines 12--16
\OT1/cmr/m/n/10 Diese Glei-chung erh[]alt man durch Um-for-men un der For-mel \
OT1/cmr/m/it/10 W[]armestromdichte und W[]arme[]ubergangskoeffizient
 []


Underfull \hbox (badness 10000) in paragraph at lines 12--16

 []


Underfull \hbox (badness 10000) in paragraph at lines 12--16

 []

) (08_05_2018_Bsp2.tex
<tikz/18_05_2018_2a.jpg, id=390, 338.76563pt x 179.16937pt>
File: tikz/18_05_2018_2a.jpg Graphic file (type jpg)
<use tikz/18_05_2018_2a.jpg>
Package pdftex.def Info: tikz/18_05_2018_2a.jpg  used on input line 6.
(pdftex.def)             Requested size: 227.62204pt x 120.39006pt.

Underfull \hbox (badness 10000) in paragraph at lines 22--8

 []


Underfull \hbox (badness 10000) in paragraph at lines 22--8

 []

[111 <./tikz/18_05_2018_2a.jpg>]
Underfull \hbox (badness 10000) in paragraph at lines 9--12

 []


Underfull \hbox (badness 10000) in paragraph at lines 28--31

 []

) (18_05_2018_Bsp3.tex [112]
Underfull \hbox (badness 10000) in paragraph at lines 2--6

 []


Underfull \hbox (badness 10000) in paragraph at lines 2--6

 []


Underfull \hbox (badness 10000) in paragraph at lines 32--35

 []


Underfull \hbox (badness 10000) in paragraph at lines 39--42

 []

[113]
Underfull \hbox (badness 10000) in paragraph at lines 51--54

 []


Underfull \hbox (badness 10000) in paragraph at lines 103--106

 []

[114]
Underfull \hbox (badness 10000) in paragraph at lines 110--113

 []


Underfull \hbox (badness 10000) in paragraph at lines 115--118

 []


Underfull \hbox (badness 10000) in paragraph at lines 124--127

 []

) [115] (15_3_2019_Bsp1.tex (tikz/schnitt1.tex
("C:\Users\Marcus\AppData\Local\Programs\MiKTeX 2.9\tex\generic\pgf\frontendlay
er\tikz\libraries\tikzlibraryarrows.code.tex"
File: tikzlibraryarrows.code.tex 2008/01/09 v3.0.1a (rcs-revision 1.1)

("C:\Users\Marcus\AppData\Local\Programs\MiKTeX 2.9\tex\generic\pgf\libraries\p
gflibraryarrows.code.tex"
File: pgflibraryarrows.code.tex 2013/09/23 v3.0.1a (rcs-revision 1.16)
\arrowsize=\dimen180
)))
Underfull \hbox (badness 10000) in paragraph at lines 5--14

 []

(tikz/schnitt2.tex) (tikz/schnitt3.tex)

LaTeX Warning: `h' float specifier changed to `ht'.


Underfull \hbox (badness 10000) in paragraph at lines 40--43

 []

[116]
Underfull \hbox (badness 10000) in paragraph at lines 52--56

 []

) (15_3_2019_Bsp2.tex [117]
Underfull \hbox (badness 10000) in paragraph at lines 2--7

 []


Underfull \hbox (badness 10000) in paragraph at lines 2--7

 []


Overfull \hbox (46.38057pt too wide) in paragraph at lines 13--46
[]$ [] \OT1/cmr/m/n/5 = []$
 []


Underfull \hbox (badness 10000) in paragraph at lines 13--46

 []


Underfull \hbox (badness 10000) in paragraph at lines 13--46

 []


Underfull \hbox (badness 10000) in paragraph at lines 13--46

 []


Underfull \hbox (badness 10000) in paragraph at lines 50--53

 []


Underfull \hbox (badness 10000) in paragraph at lines 58--61

 []

) [118] (17_5_2019_Bsp3.tex
Underfull \hbox (badness 10000) in paragraph at lines 1--4

 []


Underfull \hbox (badness 10000) in paragraph at lines 1--4

 []


Underfull \hbox (badness 10000) in paragraph at lines 9--12

 []


Underfull \hbox (badness 10000) in paragraph at lines 19--22

 []


Underfull \hbox (badness 10000) in paragraph at lines 34--39

 []


Underfull \hbox (badness 10000) in paragraph at lines 34--39

 []

[119]
Underfull \hbox (badness 10000) in paragraph at lines 84--88

 []


Underfull \hbox (badness 10000) in paragraph at lines 84--88

 []


Underfull \hbox (badness 10000) in paragraph at lines 93--96

 []

[120]
Underfull \hbox (badness 10000) in paragraph at lines 144--148

 []

[121]) [122] (12_07_2019_Bsp1.tex
Underfull \hbox (badness 10000) in paragraph at lines 1--5

 []


Underfull \hbox (badness 10000) in paragraph at lines 1--5

 []


Underfull \hbox (badness 10000) in paragraph at lines 17--21

 []

[123]
Underfull \hbox (badness 10000) in paragraph at lines 44--47

 []


Underfull \hbox (badness 10000) in paragraph at lines 51--54

 []


Underfull \hbox (badness 10000) in paragraph at lines 68--72

 []


Underfull \hbox (badness 10000) in paragraph at lines 107--110

 []


Underfull \hbox (badness 10000) in paragraph at lines 122--125

 []

[124]
Underfull \hbox (badness 10000) in paragraph at lines 142--145

 []

[125]) (12_07_2019_Bsp2.tex [126]
Underfull \hbox (badness 10000) in paragraph at lines 2--8

 []


Underfull \hbox (badness 10000) in paragraph at lines 2--8

 []


Overfull \hbox (28.36896pt too wide) in paragraph at lines 2--8
\OT1/cmr/m/n/10 Da es sich hier um ein Pro-blem mit Zy-lin-der-ko-or-di-na-ten 
h[]alt, ver-wen-det man nun ein-fach die W[]armeleitgleichung
 []


Underfull \hbox (badness 10000) in paragraph at lines 2--8

 []


Underfull \hbox (badness 10000) in paragraph at lines 10--14

 []


Underfull \hbox (badness 10000) in paragraph at lines 33--37

 []

[127]
Underfull \hbox (badness 10000) in paragraph at lines 52--55

 []


Underfull \hbox (badness 10000) in paragraph at lines 65--68

 []

[128]
Underfull \hbox (badness 10000) in paragraph at lines 83--86

 []


Underfull \hbox (badness 10000) in paragraph at lines 104--108

 []


Underfull \hbox (badness 10000) in paragraph at lines 104--108

 []

[129]) (12_07_2019_Bsp3.tex
Underfull \hbox (badness 10000) in paragraph at lines 120--1

 []


Underfull \hbox (badness 10000) in paragraph at lines 120--1

 []

[130] (tikz/schnitta.tex)
Underfull \hbox (badness 10000) in paragraph at lines 2--9

 []

[131] (tikz/schnittb.tex) [132] (tikz/schnittc.tex)
Underfull \hbox (badness 10000) in paragraph at lines 55--59

 []

[133]) (12_07_2019_Bsp4.tex [134]
Underfull \hbox (badness 10000) in paragraph at lines 2--6

 []


Underfull \hbox (badness 10000) in paragraph at lines 2--6

 []


Underfull \hbox (badness 10000) in paragraph at lines 10--15

 []


Underfull \hbox (badness 10000) in paragraph at lines 10--15

 []

[135]
Underfull \hbox (badness 10000) in paragraph at lines 43--46

 []


Underfull \hbox (badness 10000) in paragraph at lines 68--71

 []


Underfull \hbox (badness 10000) in paragraph at lines 73--77

 []


Underfull \hbox (badness 10000) in paragraph at lines 73--77

 []

) [136] [137] (Prüfungen_durchgerechnet.aux) ) 
Here is how much of TeX's memory you used:
 15215 strings out of 493303
 305861 string characters out of 3129350
 330647 words of memory out of 3000000
 18202 multiletter control sequences out of 15000+200000
 13465 words of font info for 51 fonts, out of 3000000 for 9000
 1141 hyphenation exceptions out of 8191
 55i,22n,54p,873b,1245s stack positions out of 5000i,500n,10000p,200000b,50000s
<C:/Users/Marcus/AppData/Local/P
rograms/MiKTeX 2.9/fonts/type1/public/amsfonts/cm/cmbx10.pfb><C:/Users/Marcus/A
ppData/Local/Programs/MiKTeX 2.9/fonts/type1/public/amsfonts/cm/cmbx12.pfb><C:/
Users/Marcus/AppData/Local/Programs/MiKTeX 2.9/fonts/type1/public/amsfonts/cm/c
mbx5.pfb><C:/Users/Marcus/AppData/Local/Programs/MiKTeX 2.9/fonts/type1/public/
amsfonts/cm/cmbx7.pfb><C:/Users/Marcus/AppData/Local/Programs/MiKTeX 2.9/fonts/
type1/public/amsfonts/cm/cmex10.pfb><C:/Users/Marcus/AppData/Local/Programs/MiK
TeX 2.9/fonts/type1/public/amsfonts/cmextra/cmex7.pfb><C:/Users/Marcus/AppData/
Local/Programs/MiKTeX 2.9/fonts/type1/public/amsfonts/cm/cmmi10.pfb><C:/Users/M
arcus/AppData/Local/Programs/MiKTeX 2.9/fonts/type1/public/amsfonts/cm/cmmi5.pf
b><C:/Users/Marcus/AppData/Local/Programs/MiKTeX 2.9/fonts/type1/public/amsfont
s/cm/cmmi7.pfb><C:/Users/Marcus/AppData/Local/Programs/MiKTeX 2.9/fonts/type1/p
ublic/amsfonts/cm/cmr10.pfb><C:/Users/Marcus/AppData/Local/Programs/MiKTeX 2.9/
fonts/type1/public/amsfonts/cm/cmr17.pfb><C:/Users/Marcus/AppData/Local/Program
s/MiKTeX 2.9/fonts/type1/public/amsfonts/cm/cmr5.pfb><C:/Users/Marcus/AppData/L
ocal/Programs/MiKTeX 2.9/fonts/type1/public/amsfonts/cm/cmr7.pfb><C:/Users/Marc
us/AppData/Local/Programs/MiKTeX 2.9/fonts/type1/public/amsfonts/cm/cmsy10.pfb>
<C:/Users/Marcus/AppData/Local/Programs/MiKTeX 2.9/fonts/type1/public/amsfonts/
cm/cmsy5.pfb><C:/Users/Marcus/AppData/Local/Programs/MiKTeX 2.9/fonts/type1/pub
lic/amsfonts/cm/cmsy7.pfb><C:/Users/Marcus/AppData/Local/Programs/MiKTeX 2.9/fo
nts/type1/public/amsfonts/cm/cmti10.pfb><C:/Users/Marcus/AppData/Local/Programs
/MiKTeX 2.9/fonts/type1/public/amsfonts/cm/cmti7.pfb><C:/Users/Marcus/AppData/L
ocal/Programs/MiKTeX 2.9/fonts/type1/public/amsfonts/latxfont/line10.pfb>
Output written on Prüfungen_durchgerechnet.pdf (137 pages, 1052730 bytes).
PDF statistics:
 542 PDF objects out of 1000 (max. 8388607)
 0 named destinations out of 1000 (max. 500000)
 123 words of extra memory for PDF output out of 10000 (max. 10000000)

